---------
Problem: journal-set/X/X-n266-k58.vrp , Best known: 0
Time elapsed: 92.2453 secs,  Time per loop: 0.4612 secs
---------
Stopped at generation 200, Best cost: 117540, from Generation: 192
---------
Best solution: [   192      0      0    123    250    240    112      0     46    131
     91    110      0     54     78     37    107     81      0    149
    215    168     53      0    188     40    128    216      0     10
    193    166    185      0    150     99      6    160    238      0
    207    130     77    158      0     66    179     42    235      0
    126     95    196     88      0     96    247     15     13      0
      8     28     26    108      0     20    154    182     59      0
    163    113    116     12     41      0    246     24    184    227
      0    243    162    153    234      0    218    135     35    205
      0     29    189    146    242    152      0    230    180    139
    198      0    263    177      9     85     56      0     51     45
     38     65      0    199     80    117     36      0    236    195
    223    114      0     31     34    255    143      0    102    221
    214    138      0     44    140    176    259      0      0    133
     52    132    264      0    251    256    212    224      0    181
     21     19    104      0    206    144    171     16    155      0
     84    229    226    254      0    103    109    175     70      0
    249    111      7    228      0    258     79    125    124      0
    258      0    228      1    208      0    204    213    201    232
    233      0    253    260     67    134      0     89    106    119
     60     90      0     27    137     50    115      0     47     69
    211    173      0    191    147     68      0    165     30     71
     62      0    197     76    220    187      0    203    127    257
    174      0     14     48     93      5      0    209    225    167
    219      0    120     61      4     63      0    101    100    200
    105      0      0     74     64    252    122      0    194    105
     58    170      0    192     32    151      0      0      0    190
    142    156    237      0     25    244    121     18    217      0
    239    172    190      0      0    118     75     32    192      0
    170    141    241    169      0    122    252     22     55      2
      0    105    200     82    101      0     63    248     61    120
      0    219     33     23    245      0    161    222      3     83
     94      0    159    145    129    186    262      0    261    202
      0      0      0      0      0      0      0      0      0      0
      0      0      0      0      0      0      0      0      0      0
      0      0      0      0      0      0      0      0      0      0
      0      0      0      0      0      0      0      0      0      0
      0      0      0      0      0      0      0      0      0      0
      0      0      0      0      0      0      0      0      0      0
      0      0      0      0      0      0      0      0      0      0
 117540]
---------
