---------
Problem: journal-set/X/X-n219-k73.vrp , Best known: 0
Time elapsed: 20.8569 secs Time per loop: 10.4284 secs
---------
Stopped at generation 2, Best cost: 167298, from Generation: 2
---------
Best solution: [     2      0     18     97    167      0     83    192     42      0
    208     77    112      0     45    214     75      0     47    119
    164      0     67     17     40      0    168    124     32      0
     88    183    146      0     84    204     37      0    179    209
     93      0    138     86    107      0     92     60     16      0
    172    217    198      0    157     34    171      0     20     58
    125      0    176    188    114      0    108     14     24      0
     55    136    205      0     41    156    139      0     39    177
     89      0    218     57    152      0    133     10     46      0
    200    154     68      0    213     94     63      0    163    142
    169      0     81      8    175      0    202    170     85      0
    190    113      1      0     73    182     28      0      5     82
    128      0     27     62    131      0     51    140    196      0
    210    120     70      0    127    203     72      0    216     33
     48      0      9     91    178      0     56    201    155      0
      7     43    105      0    166    145    106      0    189     25
     59      0    165      2    181      0    153     71     61      0
     49     12    185      0    116    184    144      0    102     13
    211      0    147    101    180      0    159    111    141      0
     98    195    130      0    197     52    191      0     95    193
     78      0     87    123     76      0    148    194    173      0
    149     22     80      0     53     15     64      0    207     23
     21      0     65    104    158      0    162    161     31      0
     99     26     19      0    160     79    135      0    129    143
      6      0     74     96    212      0    187    103    100      0
    115    215    117      0    126     69     36      0    150    186
    118      0     44    174     11      0     54     66      4      0
     30    137    132      0    110     50    134      0     90    121
     38      0    109     35    122      0     29    199    206      0
      3    151      0      0      0      0      0      0      0      0
      0      0      0      0      0      0      0      0      0      0
      0      0      0      0      0      0      0      0      0      0
      0      0      0      0      0      0      0      0      0 167298]
---------
