---------
Problem: journal-set/X/X-n219-k73.vrp , Best known: 0
Time elapsed: 18.3048 secs Time per loop: 9.1524 secs
---------
Stopped at generation 2, Best cost: 166303, from Generation: 2
---------
Best solution: [     2      0      0    157    128    172      0    154    145    120
      0     69     65    173      0    188    122     62      0     48
    161     90      0    117     63     71      0    150     40    209
      0    108    197     60      0     96    136     91      0    200
    118     75      0     46    210    138      0      6     50     85
      0    168     42     16      0    110     79    135      0     70
      7      4      0    155     29    178      0     64     26     33
      0    163    216    130      0     53     57     87      0     27
    134    218      0    159    148     95      0    201    171     38
      0    160    177    146      0    165     92     18      0    152
    217    140      0     56    207    162      0     66    101    212
      0     25    215     59      0    109     94    169      0     30
    205    147      0    105      2    175      0     83     10      8
      0    166    132     11      0    131    114    179      0    113
    115    127      0     55    186    100      0     77    202    206
      0     61      9    193      0     88     74     73      0    176
      3     72      0    211    194     45      0    126     34     15
      0     47     86    141      0     51    198     68      0    183
    116     35      0    204    196    184      0    123     36     76
      0     58    182     23      0    121    158     14      0    191
    111     13      0    106    119     22      0     21    174    181
      0     44    103     97      0    143    195     80      0     52
    124    107      0     20    170     32      0     81    153     93
      0     78    129     89      0    151    187    137      0    133
    189    164      0    144    213    167      0     99     41     12
      0      1     82     24      0    185    104    139      0     37
     43    190      0     84     98      5      0    192     31    199
      0     49     67    214      0    112     54    102      0     19
    149    180      0     28    208     39      0    142    203    125
      0    156     17      0      0      0      0      0      0      0
      0      0      0      0      0      0      0      0      0      0
      0      0      0      0      0      0      0      0      0      0
      0      0      0      0      0      0      0      0      0 166303]
---------
