---------
Problem: journal-set/X/X-n219-k73.vrp , Best known: 0
Time elapsed: 17.9545 secs Time per loop: 8.9773 secs
---------
Stopped at generation 2, Best cost: 165163, from Generation: 2
---------
Best solution: [     2      0      0      1     72    108      0     20     66     50
      0     16    106     68      0     75     81    118      0    211
     98    198      0     12    111    210      0    120    109     61
      0     45    214    127      0    180    184    126      0    153
    143    113      0    125    193    107      0     83     74    207
      0    217    197    182      0    183    209     92      0    146
     67    159      0    191    169     60      0    122    189    185
      0    186     40    171      0    105    195     91      0     44
    133    161      0     97    135     46      0     71    165     58
      0    162    163     39      0    101    103     62      0    140
     28     99      0     78     15    212      0     90     63     77
      0     96     70    164      0    192     84    145      0    117
     82      7      0    147    156    123      0     95    114     24
      0     29     53     31      0     88     27     89      0    148
     11     51      0     57     54     87      0     73    119    132
      0     48     25     37      0     85     69     55      0    175
     22      4      0    173     42    112      0      8    174    168
      0     93    178     23      0    131     10      2      0    176
    216    129      0    138     64    177      0      9    170     52
      0     94     41     36      0    128    139    188      0      5
    134     18      0    137     43    218      0    172     19     56
      0    213    104     65      0    116    205    179      0    194
    100    206      0    152     14    141      0    150    136    142
      0    215     80    154      0    208    204     21      0     34
    187    167      0     33      6    124      0    110    202    149
      0    155     17    166      0     13     59    144      0    160
     35    151      0    203    199     47      0     38    158    157
      0      3    201    200      0     26      0     78    145    212
      0    115    179    162      0    130    195     79    181    115
      0    190    130      0      0      0      0      0      0      0
      0      0      0      0      0      0      0      0      0      0
      0      0      0      0      0      0      0      0      0      0
      0      0      0      0      0      0      0      0      0 165163]
---------
