---------
Problem: journal-set/X/X-n219-k73.vrp , Best known: 0
Time elapsed: 20.0404 secs Time per loop: 10.0202 secs
---------
Stopped at generation 2, Best cost: 165148, from Generation: 2
---------
Best solution: [     2      0     59     82    135      0      3     13     78      0
     60     77    139      0    131    116    188      0     10    142
     11      0     50    150     48      0    179    215     49      0
    191    157      9      0    190    119     57      0     39    202
    151      0     83    145     19      0    101    123     47      0
    165     79    208      0     95     99    160      0    124     26
     81      0    189    125    159      0     27    121    114      0
    158     33    209      0     40     24    206      0     32    163
     55      0    181    105     42      0     85    113     51      0
     96    103    174      0     36    205    218      0     97    184
     67      0    132     98    117      0      6    213     28      0
     62    100    195      0    115     15    133      0     66    207
     71      0     30    137     70      0    176    127     87      0
     53    148    186      0    134     23    169      0     58    154
    120      0    170     75     16      0    102    136    182      0
     20    111    177      0     64    109    140      0      8     63
    185      0      4    217     22      0    180    155    128      0
    153    162     46      0     25     80     89      0      5     86
     61      0    173    130    178      0    107    149    200      0
     69    199    192      0     35    197    143      0     90    204
    203      0    214    106    211      0      7    196      1      0
    172    212    183      0    168     73     41      0    201    161
    164      0     18    171     76      0     92     14    110      0
     68     34     88      0     52    193    138      0     72     91
    146      0    122     54     84      0    118     94    147      0
     29    141    167      0    210    175     21      0    112    152
    108      0     45    129     93      0     31      2    166      0
     44    126    194      0     12    187    216      0     43    156
     74      0     38    104     65      0     56    144     17      0
    198     37      0      0      0      0      0      0      0      0
      0      0      0      0      0      0      0      0      0      0
      0      0      0      0      0      0      0      0      0      0
      0      0      0      0      0      0      0      0      0 165148]
---------
