---------
Problem: journal-set/X/X-n219-k73.vrp , Best known: 0
Time elapsed: 17.7004 secs Time per loop: 8.8502 secs
---------
Stopped at generation 2, Best cost: 166526, from Generation: 2
---------
Best solution: [     2      0    120     14     49      0    122    216    204      0
     98    121     94      0     24    197    117      0     27    123
     33      0     70    163    194      0    119     77    109      0
    176    212    155      0     55     92     72      0    130    179
    173      0    132     42     10      0    142    103     15      0
     69    111     67      0    211     91     48      0    131    167
    160      0    203     57    190      0    116     50     17      0
     46     28     65      0    165    172    112      0    115    177
     44      0     26    126     86      0     56     40     58      0
    188    213    152      0     13     29    174      0     78     64
     35      0    137     31     63      0    127    143    139      0
    153    106    104      0    138     84     47      0    110      6
    102      0    180     25    209      0      5    128    150      0
     90    100    187      0     61    134     41      0     99    108
    147      0    207    171    113      0     85     39     66      0
     81     79    118      0    192    156     82      0    205    161
     38      0     12    114     51      0    218      2     75      0
     74    135     73      0     89     18     93      0     45    200
     36      0    202    149     62      0    166    178     19      0
    157    217     71      0    208     68     96      0    107    199
     43      0    141     60      8      0     37    154    169      0
    168    198     80      0    144     21    158      0     52    189
     30      0     95    162     23      0     22    215    194      0
     96    161     63      0    179    196    107      0    180    203
     58      0     87    123    182      0    197      6     81      0
    155     73     21      0     92    152     57      0     64    113
     88      0    120    111    190      0     56     38     55      0
     48     28    186      0     59     33     83      0      1      4
    191      0    206     53    181      0     20    124    217      0
     39      5      0      0      0      0      0      0      0      0
      0      0      0      0      0      0      0      0      0      0
      0      0      0      0      0      0      0      0      0      0
      0      0      0      0      0      0      0      0      0 166526]
---------
