---------
Problem: journal-set/X/X-n219-k73.vrp , Best known: 0
Time elapsed: 19.4607 secs Time per loop: 9.7303 secs
---------
Stopped at generation 2, Best cost: 166581, from Generation: 2
---------
Best solution: [     2      0     92     19      0     96    141    168      0      9
    151     11      0     81     47     53      0    114     26    132
      0      3    125    129      0     40     23     14      0     90
    106    178      0    182    143    122      0    142     28    104
      0    153    144    171      0    209    202    140      0    204
     55    216      0     93      5     95      0    161    198    147
      0     85     29    150      0    167     65     25      0    200
    193    180      0     36     31    190      0    201     69     68
      0     99    213    197      0    148     84    189      0    156
    145     50      0     22    164    107      0    183     87     32
      0     91    133    139      0     60     33     80      0    131
    206    123      0     88     12    159      0    119     24     46
      0    158     73      6      0    166    130    118      0     35
     75    115      0    163    184    100      0    112    113    211
      0     41    194      4      0     76    172    175      0    181
      1    135      0     77    103    218      0    162     97    124
      0    146     94     17      0    179     44    138      0    185
      8    177      0     13    196    165      0    102     67    105
      0    217     57     38      0     30    174    136      0    134
     98     52      0     42    195     74      0    176    117     10
      0    120     63    149      0     27     48    169      0     16
    214     51      0     83     45    110      0    111     54    192
      0    116    128     18      0    157     39    152      0     70
    199     89      0    127    101    215      0     58     43     59
      0    108     20     15      0    191     61     71      0    203
    187    186      0    173     78    170      0    205      2     56
      0     62    210    155      0    137     82     34      0     64
    160     37      0     86    212      7      0     49    154    126
      0    109     79     21      0     72    208    188      0     66
    121    207      0      0      0      0      0      0      0      0
      0      0      0      0      0      0      0      0      0      0
      0      0      0      0      0      0      0      0      0      0
      0      0      0      0      0      0      0      0      0 166581]
---------
