---------
Problem: journal-set/X/X-n219-k73.vrp , Best known: 0
Time elapsed: 2710.4827 secs Time per loop: 0.271 secs
---------
Stopped at generation 10000, Best cost: 118829, from Generation: 10000
---------
Best solution: [ 10000      0    193    124     95      0     73    184     17      0
    175    159    150      0    129     21    203      0    215      8
    119      0    120    194     47      0     69    136     38      0
    191      4    180      0     67     35    106      0     90    135
     79      0     66    160    114      0     27    141    149      0
    118    174    104      0    121    214     81      0    188    132
     39      0     77    117    177      0     72     65      2      0
     29     11     33      0    115    127     51      0     40     15
     22      0    190    178    155      0     24     54     55      0
    148    200    144      0     64     75     46      0     43    133
    130      0     10     45    111      0    196    158    198      0
    179    123    170      0    195    199    182      0     23     14
     80      0    128    172     96      0    187     19    213      0
    140     60    197      0    157     87    164      0    145    186
     94      0    113    204     84      0     99     13     56      0
     44     42     63      0    211     89     91      0     49    101
     86      0    169    154    161      0      7     34     48      0
    137     70     12      0    107    109     16      0      3    116
     83      0     76     88    112      0    207    134    201      0
    202      6    206      0     36     74    205      0    216    103
    151      0    189     26    192      0     62    108    139      0
      5    176     52      0     30    146    166      0    162     85
    147      0     32    110    167      0     78     18     71      0
     53    102     25      0    168     92     59      0    183    138
    131      0    105     68    143      0     57    212    209      0
    152     31    217      0     37    165    153      0    181    210
    125      0    218     41     20      0    171     58    156      0
     50    142    163      0     82     98    122      0    126    100
     28      0    208      1     97      0     61      9    173      0
     93    185      0      0      0      0      0      0      0      0
      0      0      0      0      0      0      0      0      0      0
      0      0      0      0      0      0      0      0      0      0
      0      0      0      0      0      0      0      0      0 118829]
---------
