---------
Problem: journal-set/X/X-n266-k58.vrp , Best known: 0
Time elapsed: 30.0743 secs Time per loop: 1.5037 secs
---------
Stopped at generation 20, Best cost: 136452, from Generation: 20
---------
Best solution: [    20      0    262     46     83    241      0    218    228     69
    204    263      0     25     26     23    136    169      0    161
     67    213     77      5      0     62     45    172    120      0
      2     19     31    208      3    197      0     94    257    220
     75    211      0    110     33    248    132      0    207     74
    142     95      0    236    203     50    252     79      0    163
     91    221     86     72      0    164      6    205     81      0
     17    135    232      0      8     12     43    238      0    133
    155    265     18      0    254    158    138    250      0     97
    255    258    202      0    198    179     21     98    261      0
    101    105    239    194      0     68    195    102      0     36
     78    177    104      0    130     42     85    165      0     93
     92    146     89      0     66     96     40      0     20    188
    160    167      0     87    131    199    109      0    166    112
    191    176      0    115    124    212    159      0    242     82
    108    235      0    183    157    173     47      0     49     15
    260    103    170      0    251     71    151    264    171      0
     38    111    119    117    150      0     70     80     63    116
     24      0     59    127    192    122      0    144    129     57
     30      0     84    215    141    234      0    126    107     54
     16     27      0     51    125    162    152      0    143    114
    231    123      0    139    156    224    128      0     90    244
     58     10      0    178    229     29     28     37      0    174
      7     55     52      0    219    147    154    223      0     76
     48      4     14    113      0    137     35     32    168      0
    148    240      9    180      0    209     73     34     41      0
     39     99    106     56      1     11      0    134    140    201
    187    200      0    189    182    184    185      0    181    214
    222    190      0    230    216     61    233      0    227    217
    237    226      0    259    253    247    243     13      0    121
    256    186     53      0    149     44    245    193    206      0
    249     65     22    145      0    153    100     64    225      0
    246    210    118     88      0    175     60    196      0      0
      0      0      0      0      0      0      0      0      0      0
      0      0      0      0      0      0      0      0      0      0
      0      0      0      0      0      0      0      0      0      0
      0      0      0      0      0      0      0      0      0      0
      0      0      0      0      0      0      0      0      0      0
      0      0      0      0      0      0      0      0      0      0
      0      0      0      0      0      0      0      0      0      0
 136452]
---------
