---------
Problem: journal-set/X/X-n219-k73.vrp , Best known: 0
Time elapsed: 577.7647 secs Time per loop: 0.2889 secs
---------
Stopped at generation 2000, Best cost: 120773, from Generation: 2000
---------
Best solution: [  2000      0    183    125    155      0    161    154    169      0
    181    207    210      0     45    111    129      0     25     57
     20      0      3    112     93      0     10    216    151      0
    120    196    139      0    204     67    106      0     96    172
    128      0     62    132    188      0     94    145    100      0
    164     87    157      0     84    160     46      0    118     23
     29      0    103     50    142      0    101    163     24      0
     49     86    197      0    149     77    177      0    144    148
     65      0    130    133     43      0     75     81     66      0
    116     36     76      0     98    117    141      0    110    107
    192      0    152     31     53      0    184     19    213      0
    217    153    165      0      4     52    191      0    136     69
    209      0    198     17    158      0    121    135     90      0
    190     99    178      0     37    175    159      0    119      8
    215      0    150     40     38      0     27    122    189      0
     41     72      2      0    212    200     33      0     13      7
    134      0    123    194    170      0     78    218     56      0
    131    147    138      0    140     60     35      0    146    173
     30      0     89     59    211      0    176     32     39      0
     82     54     55      0     64    208      1      0     70     12
    205      0    114    109     26      0     74    137     88      0
     95    193    124      0    199     28    182      0     83     18
     71      0     21     44    203      0     73    174    104      0
     48     34     92      0    202      6    206      0    179     47
    108      0    171     58    156      0     42    195    187      0
      9     61    180      0     91    168    201      0     22     15
    102      0     63    126    105      0    115     97    127      0
     68    186    143      0     85    162      5      0    113     79
    214      0     11     14     80      0    167     16     51      0
    185    166      0      0      0      0      0      0      0      0
      0      0      0      0      0      0      0      0      0      0
      0      0      0      0      0      0      0      0      0      0
      0      0      0      0      0      0      0      0      0 120773]
---------
