---------
Problem: journal-set/X/X-n219-k73.vrp , Best known: 0
Time elapsed: 19.5948 secs Time per loop: 9.7974 secs
---------
Stopped at generation 2, Best cost: 167823, from Generation: 2
---------
Best solution: [     2      0      0    191    106    167      0     25     67     44
      0    121     76    112      0     40    151    215      0    165
    129     43      0    213     41     12      0     36    205     47
      0     78     53     92      0    169     46    124      0     85
    141     68      0     37     38    201      0     97    135     88
      0      4     42    126      0    164    161      3      0    102
    163    210      0      7     21     35      0    108    176    180
      0     32    110    179      0    171     59      6      0    132
    175     19      0     95     26      8      0    116    117    118
      0    130    133    111      0    113     58    134      0     56
    153    119      0     18     20     48      0    139     28    142
      0    188    172    211      0    109     24     45      0     13
     89     29      0     19     11     57      0    199    216      5
      0    214    100     60      0     33    104     63      0    203
    200     83      0     99     65    156      0    166    218     34
      0    103      2    152      0    114     90    186      0    114
     77    139      0    157    137    178      0    123     49    158
      0    170    174     84      0    107    144     94      0    140
     27      5      0    159    148    136      0    150    145     17
      0    162    184     96      0    209     11    131      0    197
    195    143      0    198     54     75      0    208    216    202
      0     71    177    160      0    125    200     51      0     64
    176    185      0     85    211    179      0    123    206     74
      0     79     82    173      0     93     72    128      0    138
    115     64      0      1    101     39      0    185    186    199
      0     10    105     31      0     50     81    193      0    183
    217    154      0     61     31     96      0    189    214    204
      0    127     29    168      0    157     86     62      0      9
     98    147      0    146     23    196      0     87    155    181
      0     45    202      0      0      0      0      0      0      0
      0      0      0      0      0      0      0      0      0      0
      0      0      0      0      0      0      0      0      0      0
      0      0      0      0      0      0      0      0      0 167823]
---------
