---------
Problem: journal-set/X/X-n219-k73.vrp , Best known: 0
Time elapsed: 20.9859 secs Time per loop: 10.493 secs
---------
Stopped at generation 2, Best cost: 163684, from Generation: 2
---------
Best solution: [     2      0      0     47     68    154      0     80     27    109
      0     52    119    104      0     36    159     32      0     98
     21     49      0     78    189    177      0    128    200      4
      0     22     18    178      0      5    165     58      0     31
    161     65      0    167     10     19      0    145     55    176
      0      1    214     30      0    201    208      6      0    162
    117     84      0    102     69    209      0     76     45     43
      0    138    206    187      0    170    207     92      0     94
    100     99      0    218    142     86      0    137    153    132
      0    148    135     46      0     41     40     23      0     39
     64     16      0     83     15    188      0    180     82    127
      0    185    124     97      0    179    151    183      0    141
     77    213      0    134    210     95      0    212     24    139
      0     13     59     70      0     85     26     35      0      7
     42     87      0    157    115      2      0     74    163    147
      0      3     88    168      0    155     44    156      0     25
    172      8      0    204     66    114      0    130    144     67
      0    175     48    211      0    193    126      9      0     53
    164    166      0     29    174    199      0    202     60    192
      0     91    111    143      0    146    158    197      0    116
    205    181      0    203     28     73      0    113    101    122
      0    118    184    131      0     62     89    123      0    120
    129    125      0    149    217     93      0     90     79    112
      0    190    216    196      0     63    215     51      0    105
    186    182      0     96    152     61      0    103    133     33
      0    107     54    160      0    140     50    194      0    136
     11    108      0     12    169    150      0    191    110     81
      0     71     37     38      0    195    171     57      0     20
    121    173      0     56     72     34      0     17     14    198
      0    106     75      0      0      0      0      0      0      0
      0      0      0      0      0      0      0      0      0      0
      0      0      0      0      0      0      0      0      0      0
      0      0      0      0      0      0      0      0      0 163684]
---------
