---------
Problem: journal-set/X/X-n219-k73.vrp , Best known: 0
Time elapsed: 20.7563 secs Time per loop: 10.3781 secs
---------
Stopped at generation 2, Best cost: 165143, from Generation: 2
---------
Best solution: [     2      0      0    109    182     25      0     59     14    103
      0    199     28    124      0    178    212    165      0    188
     40     45      0    161      0     66      0     46     84    146
    135    187      0     53      0      7      0     39     90    202
      0      5     13    174      0     77     54    189      0     72
    154    146      0     97      0     81      0     29    111    151
      0     35    122     26      0     27    140    214      0     88
    216    194    123     75      0     16     89      8      0     70
    126     47      0     43      0    131    141     67      0     49
    119    145      0    116    159    153      0    118      8    149
      0      6    106    196      0    162    124     66      0    211
    121    110      0     95     60    134      0     21     94     82
      0    203    213     44      0    152     25    173      0     40
    143    197      0    184     55      9      0     87    137    190
      0     56    129    170      0     99     89    176      0     71
      0     86      0    102    168    180      0    212     11     63
      0     98    101     52      0    182     96    128    106    104
      0    157     92    121      0     83     65    118      0     20
      0    156    136     70      0     85    179    132      0     48
    158    191      0     34     42     16      0      1     46    150
      0    193    113     58      0    144    148     57      0    209
     62    176      0    157    117     97     51     64      0    131
     49    108      0    180     32     56      0     91      0    172
     19    130      0     79    142    138      0    195    206    107
     52    144      0    202     50    194      0     12     11     55
      0     22      0    139    171     12      0     84    120     23
      0    166     47     18      0    163    103      3      0     99
     72     69      0    192    109    114     74    128      0    110
    120    129      0    149    101    143      0    175    181    183
      0    111    119      0      0      0      0      0      0      0
      0      0      0      0      0      0      0      0      0      0
      0      0      0      0      0      0      0      0      0      0
      0      0      0      0      0      0      0      0      0 165143]
---------
