---------
Problem: journal-set/X/X-n219-k73.vrp , Best known: 0
Time elapsed: 20.1681 secs Time per loop: 10.084 secs
---------
Stopped at generation 2, Best cost: 164252, from Generation: 2
---------
Best solution: [     2      0    161    134      0    112    159     57      0     49
    201    165      0    218    108    173      0    131     10    211
      0    120    105     54      0     31    217      7      0    196
    182    140      0     89    154    209      0    137     25      1
      0     48     50     52      0    107     98      8      0    139
    101     60      0     47     21     71      0     62    117     67
      0     20     68     39      0     61     55    166      0    210
    184     27      0     65    200     29      0     80     42     44
      0     53     22    178      0    170    216     34      0     15
     92    123      0     37     58     51      0     95     36     83
      0    158     72    152      0    148    195    168      0    116
     14     64      0    160    203     76      0     88     12     16
      0     94    199     23      0     41    212    180      0     70
    144      6      0      9    149    169      0     56    188    157
      0     96    102    192      0      2    156      3      0      5
    179     78      0    190    109      4      0    155    181     24
      0    106    111    185      0    115     97     26      0    214
    142    104      0     93    213     32      0    172    189    146
      0    174     63    162      0    207     86    138      0    164
    183     30      0    136    119     91      0     85    208    193
      0     84    100     33      0     69     13    124      0    197
    202     87      0    121    125    147      0     19     28     73
      0    132     90    127      0    143    118    198      0     99
    103    206      0    191    113    186      0    141     82     17
      0    163     35     75      0    110     79    215      0     74
    130    187      0    204    177    171      0     40    126     77
      0    175     38     11      0    128    153    150      0     46
     66    176      0    205     43     81      0    145    151    167
      0    129    133     59      0    135    122     18      0    194
     45    114      0      0      0      0      0      0      0      0
      0      0      0      0      0      0      0      0      0      0
      0      0      0      0      0      0      0      0      0      0
      0      0      0      0      0      0      0      0      0 164252]
---------
