---------
Problem: journal-set/X/X-n856-k95.vrp , Best known: 0
Time elapsed: 37.4721 secs,  Time per loop: 1.8736 secs
---------
Stopped at generation 20, Best cost: 381633, from Generation: 19
---------
Best solution: [    19      0      0    112    700    635    656    537    747    809
    355    256      0    280    555     20     27      9    204     45
     22    477      0    796    147    473    583     17    284    659
    633    210      0     40    524    841     16    710    377     68
     21    198      0     10    779    780    168     72    792    519
    852    513      0    459    283    800     33    378    776    121
    783    391      0    514     51    387    516    408    786    372
    687    692      0    784    789     56    693    690    785    775
    293    791      0    376    375    510    772    561    778    475
    773    496      0     93    381    768    762    161    704    367
    366    360      0    703    474     67    683    764    566    759
    667    760      0    685    766    746    471    356    752    188
    751    364      0    268    341    342    345    420    737    739
    647    271      0    330    371    565    723    343    722    318
     55    236      0    724    314    481    350    299    712    265
    741    716      0    699    637    696    715    353    520    650
    178    527      0    302    246    300    304    312    686    365
    754    131      0    806    174    253    249    684    316    296
    694    339      0    294    298    682    226    297     18    820
    281    533      0    336    305    453    291    295    288    306
    228    277      0    400     32    344    238    232    714    278
    279    237      0    182    697    135    525    681    734    332
    162    220      0    215    677    264    554    596    732    275
    770    646      0    544    124    120    508    558    262    148
    363    825      0    247    153    540    548    536    727    504
    252    489      0    357    826    386    134    753    673    261
    138    122      0    454    142    118    207    846    620    130
    827    644      0    708    116    157    109    114     64    324
    254     76      0    610    730    113    111    117    267    359
    506    521      0    105    445    206    119     25    104    126
    287    290      0    205    611    701     97     95     94    823
    402     88      0     86    509     87    493     23    594     89
    140     85      0    292    612    749    160    242    201    276
    505     61      0    189    847    848    486    546    184    446
    592    338      0    497    393    179    758    488    328    689
    855    181      0    183    849    399    362    528    216     91
    441    570      0    763    208    352    844    851    843    845
    498    422      0    424    167    143     92    380    382    531
    819    782      0    593    452    166    430    195     48    840
    735    450      0    572    407    128    392    373    423    434
    702    209      0    560    480    717    543    609    322    401
      2    458      0      4      6    245    838    538    713    582
    617      1      0    530    606    805    125    850    539    379
    152    326      0    705    719     11    244    482    672    518
    100    503      0     46    623    490    457     12    799    484
    123    260      0    442    602    394     99    451    491     47
    574    233      0    483    507    831    388    464    163    485
    455     62      0    257    427    108    728    448    833     41
    449     63      0     34    444    495    200    839    107    616
    532    383      0     31    745    811    469    101    248    834
    146     66      0      7    517    571    790     83    172    499
    837    106      0     60     38    511    755    437    627    652
    397    211      0    832     98    654    709    426     28    761
    158    413      0    431    502    501    812    559    433    706
     36     84      0    479    409     65    787    428    500    653
     15    534      0     58     77    817    315    102    756     79
    462    347      0     42     78    824    325    327    750    273
    472    854      0    777    150    243    663    822    676     29
    492    164      0    842    411    110    443    814    816    418
     37     26      0     49     43    282    466    465    853    774
    468    675      0     19     14     82      8     53    309    374
    470    301      0    197    668     30    361    429    337    757
    369    435      0    557    398    438    618     59    358     69
    335     44      0    461    368     73    835     81     35    463
    196    476      0     57    456    103    349    731    447     74
    607    674      0    415    725    748    340     50    395    624
    487    354      0    303    193    743     54    115    439    535
    638    478      0    460    317    425    240    191    313    159
    403    577      0    584    351    185    224    222    186    729
    580    804      0    579    568    600    129    619    141    625
    597    629      0    794    721    591    645    203    590    599
    631    632      0    795    589    212    661    720    691    567
    467    639      0    615    628    798    214    640    331    221
    626    239      0    234    346    765    803    494    229     80
    333    726      0    235    813    230    385    307    797    522
    390     39      0    334    658    241      3    793    432    698
    251    649      0    523    657    329    655    651    321    788
    259    217      0    218    436    622    621    738    669    263
    384    744      0    671    269    634    613    670    641    736
    258    781      0    642    547    665    711    274    389    740
     24    636      0    821    648    556     13    662     90    733
    406    199      0    155    829    127    255    231    836    541
    666    414      0    769     96    601    410    767    149    512
    660    801      0     75    266    529    416    588    771     71
    573    133      0    608    136    564    679    417    550    132
    156    587      0    440    576    718    695    412     70    421
    802    680      0    664    285    176    272    348    270    419
    688    171      0    170    549    828    187    323    578    250
     52    815      0    286    707    526    192    614    545    830
    807    173      0      5    742    308    177    551    370    137
    585    154      0    810    643    586    139    311    175    145
    190    180      0    598    808    818    151    213    202    310
    552    227      0    604    563    562    404    144    678    595
    289    320      0    194    219    405    630    569    223    605
    542    553      0    575    515    319    581    396    603    165
    225    169      0      0      0      0      0      0      0      0
      0      0      0      0      0      0      0      0      0      0
      0      0      0      0      0      0      0      0      0      0
      0      0      0      0      0      0      0      0      0      0
      0      0      0      0      0      0      0      0      0      0
      0      0      0      0      0      0      0      0      0      0
      0      0      0      0      0      0      0      0      0      0
      0      0      0      0      0      0      0      0      0      0
      0      0      0      0      0      0      0      0      0      0
      0      0      0      0      0      0      0      0      0      0
      0      0      0      0      0      0      0      0      0      0
      0      0      0      0      0      0      0      0      0      0
      0      0      0      0      0      0      0      0      0      0
      0      0      0      0      0      0      0      0      0      0
      0      0      0      0      0      0      0      0      0      0
      0      0      0      0      0      0      0      0      0      0
      0      0      0      0      0      0      0      0      0      0
      0      0      0      0      0      0      0      0      0      0
      0      0      0      0      0      0      0      0      0      0
      0      0      0      0      0      0      0      0      0      0
      0      0      0      0      0      0      0      0      0      0
      0      0      0      0      0      0      0      0      0      0
      0      0      0      0      0      0      0      0      0      0
      0      0      0      0      0      0      0      0      0      0
      0      0      0      0      0      0      0      0      0      0
      0      0      0      0      0      0      0      0      0      0
      0      0      0      0      0      0      0      0      0      0
      0      0      0      0      0      0      0      0      0      0
      0      0      0      0      0      0      0      0      0      0
      0      0      0      0      0      0      0      0      0      0
      0      0      0      0      0      0      0      0      0      0
      0      0      0      0      0      0      0      0      0      0
      0      0      0      0      0      0      0      0      0      0
      0      0      0      0      0 381633]
---------
