---------
Problem: journal-set/X/X-n856-k95.vrp , Best known: 0
Time elapsed: 90.7816 secs,  Time per loop: 0.9078 secs
---------
Stopped at generation 100, Best cost: 354156, from Generation: 100
---------
Best solution: [   100      0      0    559    200    202    586    540    172    470
    577    264      0    440    567     34    108    431    431    431
     21     78      0     73      7     53    278     80    253    453
    154     44      0    453    483    722    154     44    500    457
    483    722      0     41     55    598    514    809    838    666
    427      4      0    541     75    720     27    119    766    851
    209    842      0    472     72    599    274    225    672     22
    390     29      0    207    201     86    480    250    799    333
    617    347      0    267    836    487    333    113    846    294
    329    812      0    145    217    364    122     77    336      3
    432    504      0    758    316    438    384    630    738    159
    176    384      0    840    239    236    832    432     31    733
    175    728      0    589    659    510     16    176    255     46
    603    581      0    198    249    770    533    537    714     16
    734    408      0     62    292    581     13    134    818    423
     45    701      0    738    583    404    229    671    410    840
    689    594      0    473    807    389    186    701    396    365
    472    691      0    177    194    452    192     95    845    474
    473    730      0    106    605    701     20    295    822    557
    782     50      0    695    223    355    449    258    604    117
    463    250      0    407    106    308     20    215    822    183
     24     89      0     68    677    420    263    367    634     43
    481    753      0     19    783    547    639    338    237    155
    529    712      0    112    566    349    489    303    314    369
    814     96      0    635    445    769    612     54    783    726
    494     63      0    170    242    471    196    614    272    179
    280    515      0    626    603    769    814    631    428    743
    353    549      0    721    833    636    216    731    399    522
    285    407      0    484    692    117    158    258    449    724
    339    340      0    140    147    756    753     11    573    507
    203    820      0    184    789    161    550    230      9     33
    192    363      0    359    351    315    356    722      9    412
    854    161    683    178    261    447    102    548    235    684
    521    301      0    249    479    323    191    515    570    375
    213    614      0    785    471    650    426    243    485    806
    669    612      0    107    190    768    658    297    268    251
    245    118      0    309     25    114    322    651    538    563
    693    635      0    589    668    304    609    297    195    193
     12    424      0    600    667    257    661    320    296    641
    477    775      0    241    485    780    286    604    673    242
    256    181      0    341    153    400    296    409    732    736
    694    595      0    313    435    764    189    666     46    132
     99    324      0    722    585    362    625    437    610    375
    486    126      0    626    755    652    304    189    399    522
    764    407      0    367    692    117    158    258    449    724
    223    291      0    140    147    756    584      8    573    461
    608    477      0    141    731    216    366     79    709     18
    569    178      0     47    785    169    397    621    135    807
    152    841      0    171    572    185    572    273    313    615
    795    757      0    411    146    142    173    793    454    521
    544    323      0    637    479    247    301    779    208    149
    419    181      0    436    474    167    346    648    553    601
    451    162      0    149    778     84    656     82    607    407
    307     98      0    126    370    258    606    674    727    699
    131     83      0    589    434    827    262    133    199     37
    138    562      0    740    387    792    337    252    665    683
    783    612      0    194    445    349    601    325    637     31
    364    516      0    578    762     86    606    129    337    429
    768    641      0    386     45    352    485    824    584    490
    551     42      0    620    675    161    116    229    182    428
    725    537      0    743    388    305     10    736    304    529
    835    626      0    823    245    668    127     11    544    111
    602    235      0    611    261    502    168    350    395    776
    790    352      0     89    444    792    836    102     89    651
    792    102      0    358    136    164    804    455    166    308
    572    110      0    251    801     66    573    461    366     14
    315    379    262    527    360    391    395     39    104    269
    531    777      0    256    567    702    412    461    611    708
    513    341      0    107    441    179    409    765    750    736
    370    502      0    248    778    219     92    215    580    259
    556    145      0    784    206    232    510    843    191    188
    535    351      0    324    579    193    357    129    743    326
    531    430      0    252    203    353    568      2    827    670
    124    603      0    340    337    575    626    536    580    287
    731    399      0    545    497     82    745    839    587    327
    426    622      0    180    166    308    243    297    658    624
    196    698      0    748    306    757    411    327     76     84
    786     12      0    417    756    774    325    530    546    711
    668    823      0    629    418     17    707    496    128    163
     48    595      0    398    550    521    237    701    709    416
     43    587      0    205    785      2    616    353    203    252
    345    357      0    831    204    461    372    728    385    121
    693    673      0    539    778     18    738    520    449    724
    321    827      0    735    843    199    610    832    573    461
    121    655      0    271    137    495    385    543    213     62
     74    723      0    407    285    522    399    640    645    784
    755    626      0     30    787    542    783    700    310    696
    602    270      0    687    706    684    673    520    286    277
    266     49      0    694    704     23    732    660    103    487
    667    197      0      6    318    597    387    289    355    491
    695    218      0    677     24    506     87    532    805    547
    498    106      0    351    441    417    510     69    604    287
    123     63      0    271    749    635    580    215    342    518
    826    425      0    502    163    381    278    377    428    835
     69    394      0    706      7    676     63    440    123    148
    471    564      0      0      0      0      0      0      0      0
      0      0      0      0      0      0      0      0      0      0
      0      0      0      0      0      0      0      0      0      0
      0      0      0      0      0      0      0      0      0      0
      0      0      0      0      0      0      0      0      0      0
      0      0      0      0      0      0      0      0      0      0
      0      0      0      0      0      0      0      0      0      0
      0      0      0      0      0      0      0      0      0      0
      0      0      0      0      0      0      0      0      0      0
      0      0      0      0      0      0      0      0      0      0
      0      0      0      0      0      0      0      0      0      0
      0      0      0      0      0      0      0      0      0      0
      0      0      0      0      0      0      0      0      0      0
      0      0      0      0      0      0      0      0      0      0
      0      0      0      0      0      0      0      0      0      0
      0      0      0      0      0      0      0      0      0      0
      0      0      0      0      0      0      0      0      0      0
      0      0      0      0      0      0      0      0      0      0
      0      0      0      0      0      0      0      0      0      0
      0      0      0      0      0      0      0      0      0      0
      0      0      0      0      0      0      0      0      0      0
      0      0      0      0      0      0      0      0      0      0
      0      0      0      0      0      0      0      0      0      0
      0      0      0      0      0      0      0      0      0      0
      0      0      0      0      0      0      0      0      0      0
      0      0      0      0      0      0      0      0      0      0
      0      0      0      0      0      0      0      0      0      0
      0      0      0      0      0      0      0      0      0      0
      0      0      0      0      0      0      0      0      0      0
      0      0      0      0      0      0      0      0      0      0
      0      0      0      0      0      0      0      0      0      0
      0      0      0      0      0      0      0      0      0      0
      0      0      0      0      0      0      0      0      0      0
      0      0      0      0      0 354156]
---------
