---------
Problem: journal-set/X/X-n856-k95.vrp , Best known: 0
Time elapsed: 6579.8308 secs Time per loop: 0.658 secs
---------
Stopped at generation 10000, Best cost: 370141, from Generation: 10000
---------
Best solution: [ 10000      0    284    442    634    330    739    568     40    730
      0    333    776    490    434    455    164    117     34    142
      0     90    424    238    713    839    805    805    512    356
      0    356     20    429    379    429    822    288    313     22
      0    682    294    547    394    102    547    497    102    211
      0    497    306    343     34    602     56    332     46     86
      0    817    104    546    298    478    658    210    720    298
    647    449    736    191    793    386      6     70    491    847
    647    609    644    215     37    205    692    451    338    127
    452    716    778    469    796    311    694    473    694    796
    828    438      0    830    835    489    835     67     95    772
    744    423    626    461    827      0      9    740    105    772
    741    392    779    193     69    153    420    112    419    481
      0    320    693    300    346    358    119    725      0    363
    310      0    647    307    351    309    197    614    723     44
    214    319    350    611    850     61     71    763      0    225
      0      0    502    337    710    475    269    162     76     88
      0      0    451    125    436    635    222    678    807    850
    398    531    667    453    323    225    172    690     83    195
    603      0    585    709    807     27    467    744     24    402
      0    152    754    814    156    365    213    666     44    160
      0      0     47    680    351    537    675    145      0     71
    661    280    114    271    186    154    467    108    571    346
    256      0    625    526    366    319    365    383    509    809
    509    439      0    425     47    208    319    298    750    619
    327     19    425    113    154      0     19    580    441    331
     53    199    331    334    520    625    542     51      0      1
      0    509     75    261    625    484     63    179    477     33
    505      0     75    595    281    640    644    293    711    795
    411    306     46    538    132    562    704    747    735    722
      0    733    291    153    218    510    706    477    654    518
      0      0    743    638    465    562    535    232    235    446
      0    428      0    671    815    569    642    325    813    531
    274      0    849    689    642    413    582    510    533    319
    713      0    255    545    353    285    540    170    356    819
    702    119    524    494    314    610    809    116    686    683
     44    625    195      0     15    102    409    332    351    405
      0    849    306    661    657    811    781    134    623    297
     14    641    819    401    204    361    251    562    465    320
     14      0    706    310    791    240    624    208    392    129
    178    273     14     23    542    727    657    451    487    814
    818      0    410    527    801    529    488    553    152    113
      0    146     14    751    582    759    487    567    144    227
    120     68    276    241    712    652    604    444    520    644
      0    255    642     73    168    824    487    130    154    109
      0     19    256    364    565    219    624    208     47    487
      0    255     84    540    180    542    365    783    558    526
    606    474    304    322    154    666    272    715    852    255
      0    675    742    369     17    326    615    801     35    496
      0    280    538    824    586    657    160    782    738    398
    199    613    581    212    378    745    373    583    337    260
      3      0    820    755    134    846      7    813    446    850
    728    678    479    217    217    617    140    519    307    171
      0    388    843    221    249    222    358    769    300    693
    831      0      0     66    456    855    665    745    689    246
    700    754      0    333    816    394    403    686    300    672
    623    443    275      0    481    279    649    459    319    543
    176      0    776    501    167    301    311    382    458     27
      0      0    287      0      0    162    524    322    416    821
      0    408     27    205    776    805    818     23    112    116
    701    194    727    311    191    539    574     58      0    706
    496    197    233    306    297    818    692    392     91    271
    107     80      0    387    497    451    295    394    813    626
    302      0    378    490    322    143    592    543    282    354
      0      0    734    289    111    590    839    649    665    287
    282    251    273    282    691    760    753    423    733    366
    338    171    734    283    359    320    662    633    713     12
      0    195    425    396    346     50    632    768      0    491
    454    795    676    329    359    417    447      0    254    305
    396    584    381    292     54    796    164    772      0     51
    615     33      0    235    152    149    562      8    267    462
      0    159     54    518    477    200    353    266    141    681
    543    159    373    310    201    204    407    783    746    613
     14      0    133    346    815    444    488    717    190    402
      0      0     66      1    493    301    541    637    160    225
    261    182    457    582    758     98    620    506    656     64
      0    376    619    669    409    206    792    755    106    334
    195    390    397    803    383     35    505    770    557     10
    428      0    631    555     79    484    650    295    159    267
     79    694    267    585    746    137    374    541    525    560
      0    159     95     54    165    611    776    115    604    390
    271      0    325    289    421    725    761    149    585    568
     82    339      0      9    251    308    199    590    244    211
    714      0    296    331    728    825    320    478    616    850
      0    779    131    772    794    351    214    121    723    614
      0    260    225     25    363    653    244    179    536    832
      0    374    339     57    774    133    582     66    667    321
      0    408    792    746    731    798     30    835     38    641
      0    317    652    127    643     74    695    424    575     69
    653    690    748    640    130    525    465    638    841     46
      0      0    492    215    283    644      3    458     75     16
      0    722    313    664    130    294    755    394      0    175
    570     31    718    546    652      8    132    362    149    846
    717      0    823    721    473     77     43      0    135    778
      0    694    560    836    806     32     13     76    333    385
    710    448      0      0      0      0      0      0      0      0
      0      0      0      0      0      0      0      0      0      0
      0      0      0      0      0      0      0      0      0      0
      0      0      0      0      0      0      0      0      0      0
      0      0      0      0      0      0      0      0      0      0
      0      0      0      0      0      0      0      0      0      0
      0      0      0      0      0      0      0      0      0      0
      0      0      0      0      0      0      0      0      0      0
      0      0      0      0      0      0      0      0      0      0
      0      0      0      0      0      0      0      0      0      0
      0      0      0      0      0      0      0      0      0      0
      0      0      0      0      0      0      0      0      0      0
      0      0      0      0      0      0      0      0      0      0
      0      0      0      0      0      0      0      0      0      0
      0      0      0      0      0      0      0      0      0      0
      0      0      0      0      0      0      0      0      0      0
      0      0      0      0      0      0      0      0      0      0
      0      0      0      0      0      0      0      0      0      0
      0      0      0      0      0      0      0      0      0      0
      0      0      0      0      0      0      0      0      0      0
      0      0      0      0      0      0      0      0      0      0
      0      0      0      0      0      0      0      0      0      0
      0      0      0      0      0      0      0      0      0      0
      0      0      0      0      0      0      0      0      0      0
      0      0      0      0      0      0      0      0      0      0
      0      0      0      0      0      0      0      0      0      0
      0      0      0      0      0      0      0      0      0      0
      0      0      0      0      0      0      0      0      0      0
      0      0      0      0      0      0      0      0      0      0
      0      0      0      0      0      0      0      0      0      0
      0      0      0      0      0      0      0      0      0      0
      0      0      0      0      0      0      0      0      0      0
      0      0      0      0      0      0      0      0      0      0
      0      0      0      0      0 370141]
---------
