---------
Problem: journal-set/X/X-n856-k95.vrp , Best known: 0
Time elapsed: 6301.9535 secs Time per loop: 0.6302 secs
---------
Stopped at generation 10000, Best cost: 393130, from Generation: 10000
---------
Best solution: [ 10000      0     22    608      0    138    288    107    545    156
    712    299    201    324    533    121    502     64    460     98
     98     13    453    152      0    546    778    129     68    510
    793    406     73     70    678    108    501    788    202    628
    210     43    137     54      0    786    530     54    245    522
    583    504    839      0      0     74    379    561    498    182
    698     34     55    384    160    412    832    260    394    485
    402      0    642    146      0    353    398    599    151    511
     58    602    765    828      0     66    181    614    212    432
     47      0    641    172     85    472    822    417    592    801
    621    161    197    384      0    786    405    309     20    490
    730    205     52    803      0      7    786    708    374    503
     31    774    778     81      3    595      9    459    174      0
    789    363    762    757      0    174    760    211    570    565
    358    728    154    354    359    273    270    303    243    793
    734     43    333      0    436    776    431    458    512    418
    538    184    454    207      0    568    174    752    404    806
    444    428    186      0      0     96    457    300     77    754
    120      0    557    182    427    298    820    110     13    514
    275    850    730      0      0    661    346     54    776    314
    416    801    543    159    841    621    638    125    345    433
    219    359    450    563      0    360    125    852    375    547
    782    589    836    306      0    758    576    659    175    324
    316    447      9    780    784    694    440    376    133    850
    599    519    658    658      0    167    830    593    369    565
    231    429    800    385    446    447     11    725    503    191
    276    461      0    773      0    107    467     57    766    748
    748    746    807      0    302    188    281    151    613      0
    755      0     79    409    596    439    428    698    539      0
    365    599    780    316     69    257    779    269    361      0
    841    278    301    430      0    820    575    664    274    206
    557    135    261    575      0    649    422     99    377    655
    517    508    458      0    756    822    592    270    259    145
    225    452    671    520    218    266     23    192    181    712
    532    596    209    251      0    335    659    407    298    666
    603    685    187    235    377    577     91    220      5    574
    396    286    505    590      0    819    851    171    547     15
    467    385    120      0      0    648    157    585    508    193
    600     88     17    303    698    330     95    611    102    600
    381    195    231    250    570    292    716    151    355    747
    164    193    626    514    839    523     86    831    360      0
     65    232    206    369      0    625    338    580    323      0
    235      0    784    237      0    306    606    113    211    663
     73    393    114    377      0    353    183    711    153    227
    234    331    149    238      0    479    284    175    546    162
     72    723    271    594    348    457    551    723    547    820
    361    251    605    600    478      7    505    717    288    749
     44      0    556    525      0    798    173    223    319    692
    160    159    542    716      0    484    242    558    397     43
    326    356    515    356    277    560    795    851    831    671
    505    697    562    521    123    491    309    287    697    519
    397    605    702      0      0    676    527    250    792    198
    850     86    212     31      0    795    232    335    668    735
    282    613    301    173      0    141    422    636    696    645
    511    101    257    835     85     79    386     96    639    417
    270    205    847      0    681    547    237    627    588    173
    662    576    437    672      0     92    135    189    573    507
    204    236     50    699      0    191    663    214    304    386
    313    143    848    257      0    560    215    444    162    555
    189      0     91      0    304    713    837    347    202    696
    684    414    529    197      0    763    728    807    813    463
    274    149      0    488    321    613    528    134    195    791
     10    609    759    661    392    685    622    510    259    276
    138    177    260      0    376    475    783    662    130    845
    383    737    222    158     70      0    605    834    307    675
    741    482    797    538    247    533    179    430    146    702
    643    736    107    216      0    570    219    851    606      0
    375    544    826      0      0    120    251    518    658    301
    487     96    753    691    329    798    339    123    217    488
    481    257     29    234      0    811    278    258    197    774
    274    706     75    658    677    521    163    215    416      0
    265      0    490    348    230    143    669    513    498    581
    654    515    157    365    322    593    234    763    144    244
    382    129    519    244    215    311    168    141    737    524
    494    729    416    362    660    660    604    126    175    191
     19    644      0      0    260    461    488    786    201    427
    436    572    548    682     11    784     87    811    732     93
    759    305    756    186    328    802    360    189    516    299
    205    853    656    651    674    425    716    527    855      0
    228    337      0    233      0    204    629    387    388     15
    223    828    489      0    381     79    410    513    636    398
    752    288    567      0    170    697    255    203    340      0
    512    487      4    343      0    476    396    249    655      0
    482    226    297     64    488    739    801    399    265     81
    785      0    705    632    179    231    729    462    766    829
     96    312    722    451      0    488    720    728    516    565
    799    158    226     63      0    686    232    119    789    370
    237    487    221    624      0    319    163    480    750     48
    657    733    607    476      0     80    227    311    481    663
    823     50    113    222      0    631    189    628    244     74
    214    126    692    417      0    759    258    526    850    351
    703    391    585    236    649    467     49    140    443    744
    617    528     97    454      0    597    189    369    447    413
    785    601    807    548    297    222    410    388    446    292
     73    689    697    389      0    406    816    763    561    838
    474    828      0      0      0      0      0      0      0      0
      0      0      0      0      0      0      0      0      0      0
      0      0      0      0      0      0      0      0      0      0
      0      0      0      0      0      0      0      0      0      0
      0      0      0      0      0      0      0      0      0      0
      0      0      0      0      0      0      0      0      0      0
      0      0      0      0      0      0      0      0      0      0
      0      0      0      0      0      0      0      0      0      0
      0      0      0      0      0      0      0      0      0      0
      0      0      0      0      0      0      0      0      0      0
      0      0      0      0      0      0      0      0      0      0
      0      0      0      0      0      0      0      0      0      0
      0      0      0      0      0      0      0      0      0      0
      0      0      0      0      0      0      0      0      0      0
      0      0      0      0      0      0      0      0      0      0
      0      0      0      0      0      0      0      0      0      0
      0      0      0      0      0      0      0      0      0      0
      0      0      0      0      0      0      0      0      0      0
      0      0      0      0      0      0      0      0      0      0
      0      0      0      0      0      0      0      0      0      0
      0      0      0      0      0      0      0      0      0      0
      0      0      0      0      0      0      0      0      0      0
      0      0      0      0      0      0      0      0      0      0
      0      0      0      0      0      0      0      0      0      0
      0      0      0      0      0      0      0      0      0      0
      0      0      0      0      0      0      0      0      0      0
      0      0      0      0      0      0      0      0      0      0
      0      0      0      0      0      0      0      0      0      0
      0      0      0      0      0      0      0      0      0      0
      0      0      0      0      0      0      0      0      0      0
      0      0      0      0      0      0      0      0      0      0
      0      0      0      0      0      0      0      0      0      0
      0      0      0      0      0      0      0      0      0      0
      0      0      0      0      0 393130]
---------
