---------
Problem: journal-set/X/X-n856-k95.vrp , Best known: 0
Time elapsed: 85.282 secs,  Time per loop: 0.8528 secs
---------
Stopped at generation 100, Best cost: 358517, from Generation: 100
---------
Best solution: [   100      0      0     80    229    324    383     19    487    803
    448    562      0    431     27     20     47    420    342      6
     21    260      0    260    483     37     87    597     82    394
    139    787      0     48    493    845     46     58    647    544
    837    602      0    276    467    758    122    624    551    338
     91    837      0    602    758    140    467    637    122    758
    101     41      0    193    219    647    469     41    566    130
    270    540      0    469    282    566    315    270    150    706
    723    227      0    274    315    522    770    757    813    688
    184    329      0    266    549    756    666    333    584    687
    250    766      0    587     16    308    796    462    172    825
    161    179      0    409    182    840    304    697    129    417
     79    163      0    441    468    311    774     10     60    697
     27    382      0    318    563    265    105    569    221    135
    317    646      0    290    662    319    791    391     98     65
    123    464      0    244    107    428    391    249    616    159
    486    249      0    200    439     22    557    569     79    757
    163    840      0    716    109    353    133    756    716    578
    185    628      0    642    522    226    492    411     11    399
    208    817      0     28    628    570    723    237    270    130
    121    232      0    469    167    109    635    831    807    647
    336     64      0    738    209    108    728    463    140    521
    602    128      0    187    695    212     13     15     15    787
    178      5      0    682    396    493    310     23    246    233
    769    172      0    252    818    116    609    331     74    681
    404    337      0    155    577    175    179    311    772    207
     99    804      0    508    147    669    806    216    320    375
    610    567      0    401    592    303    144    293    502    638
    347    608      0    676    762    665    463    192    507    230
    604    700      0    830    852     62    195    630    715    375
    465    191      0    437    116     35    484    765    629    505
    652    123      0    605    601    675    441    441     79     13
    121    638      0    800    482    696    152     52    361    671
    498    353      0     64    593    680    143    568    555    278
    200    497      0    238     84    754    815    517    218    573
    244    252      0    402    402     95    700    125     34    848
    762    405      0    552    799    622    739    472    730    312
    386    631    852    734    799     18      4    603    325    357
    225    708      0    697    625    717    805    518    375    780
    357    349      0     68    337    371    112    180    263     33
    717      2    184    744    644    306    615    718    788    183
    542    501      0    423    503    545    608    148    685     59
    599    162      0    478    681    722    331    609    550    818
    190    162      0    615    181    279    124     53    454    115
    704    259      0    162    726    635    454     53    608    781
    638    423      0    158    136    100    645    217    589    572
    368    302      0    369    658     94     86    472    406    748
    253    452      0     56    595    285    290    518    763    402
     98    760      0    231    436    499    433    195    445     55
    341    580      0    199    230    214    310    203    195    226
     55    697      0    713    606      3    312    536    197    705
    612    753      0    711    592    186    650    536    630    244
    515    205      0     43    623    278    848    286    435    186
    247    205      0     43    839    323    519    286    353    186
    288    812      0    242    240    721    729    787    179    393
    370    339      0    508    165    506    571    410    547    696
    511    725      0    114    338    750     66    821    564     62
     34    277      0    700    360    456    358    462     86    387
    568    646      0    135    498    754    706    110    694    283
    667    321      0    102    638    196    524    670     17    778
    558    428      0    295    634    727    674    496    573    570
    743    615      0     14    240    773    455    825    752    426
    211    144      0    732    185    315    728    148    572    545
     38    498      0    541    752    215    792    225    759    598
    377    120      0      2    421    576    790    702    224    255
    671     68      0    114    579    297    506    518    220    607
    421    213      0    421    387    261    221    782    425     99
    319    604      0    711    382    612     60    454     49    485
      3    606      0    307    613    799    801    739    400    730
    612    363      0    711    280    658    698    407    508    684
    292    525      0    543     97    299    523    841    350    485
    422    291      0    797    769    586    390    643    180    263
    648    531      0    102    661    357    690    542    225    792
    574    356      0    258    723    246    722    270    312    734
    199    305      0    543    174    459    583    143    705    457
    325    356      0    432    615    146     24    740    659    346
    457    634      0    210    217    769    430     67    713    785
    178    620      0    162    362    733    463    603    529    234
    296    149      0    162    369    259    309    735    557    645
    371    634      0    337    404    380    772    375    776    245
    422    810      0    259    818    201    403    291    119    635
    190     28      0    190    599    550    645    109    373    563
    149    302      0    397    565    772    779      1    192    422
    340     85      0    171    619    350     15    470    265     78
    833    391      0    797    386    836     94    798    336    835
    775    828      0    385    452    386    389    806    637    703
    800    401      0    580    760     26    228    670    806    246
    811    804      0     85    808    350    408    766    835    809
    828    200      0    173    617    825    849    335    630    527
    775    770      0    543    388    623    523    411    727    756
    343    204      0    168    707    844     42    400    621    113
    351    318      0    138    465    652    317    536    633    528
    749     54      0    786    359    249     49    464     60    591
    482    409      0    314    827    395    358    249    355    791
    206    557      0    569     90    672    375    110    785    408
    167    186      0      0      0      0      0      0      0      0
      0      0      0      0      0      0      0      0      0      0
      0      0      0      0      0      0      0      0      0      0
      0      0      0      0      0      0      0      0      0      0
      0      0      0      0      0      0      0      0      0      0
      0      0      0      0      0      0      0      0      0      0
      0      0      0      0      0      0      0      0      0      0
      0      0      0      0      0      0      0      0      0      0
      0      0      0      0      0      0      0      0      0      0
      0      0      0      0      0      0      0      0      0      0
      0      0      0      0      0      0      0      0      0      0
      0      0      0      0      0      0      0      0      0      0
      0      0      0      0      0      0      0      0      0      0
      0      0      0      0      0      0      0      0      0      0
      0      0      0      0      0      0      0      0      0      0
      0      0      0      0      0      0      0      0      0      0
      0      0      0      0      0      0      0      0      0      0
      0      0      0      0      0      0      0      0      0      0
      0      0      0      0      0      0      0      0      0      0
      0      0      0      0      0      0      0      0      0      0
      0      0      0      0      0      0      0      0      0      0
      0      0      0      0      0      0      0      0      0      0
      0      0      0      0      0      0      0      0      0      0
      0      0      0      0      0      0      0      0      0      0
      0      0      0      0      0      0      0      0      0      0
      0      0      0      0      0      0      0      0      0      0
      0      0      0      0      0      0      0      0      0      0
      0      0      0      0      0      0      0      0      0      0
      0      0      0      0      0      0      0      0      0      0
      0      0      0      0      0      0      0      0      0      0
      0      0      0      0      0      0      0      0      0      0
      0      0      0      0      0      0      0      0      0      0
      0      0      0      0      0      0      0      0      0      0
      0      0      0      0      0 358517]
---------
