---------
Problem: journal-set/Kytojoki/33.vrp , Best known: 0
Time elapsed: 76.4883 secs,  Time per loop: 25.4961 secs
---------
Stopped at generation 3, Best cost: 2929474, from Generation: 3
---------
Best solution: [      3       0       0    1045    2014    1255    1774    2298     553
     300    1782    2329    1752     622    1958    1171    1870    1809
    2006     256      90    2126    1202    1934     627    1386    1220
     211    2203     238    1075     270     620    2383    2210    2221
    2293    1305     756      37    1845    1128    1192    2032     586
     137     199    1722    2357     533     873    1987    1392      18
     801     447     231     226    1644    2302    1344    1486    2135
    1813     508    1874      86     669    1825    1928     899     304
     453    1057    1016    1441     229    1542     148    2236     989
    1229      54     752     276    1164     661    1479    1126     721
    1134     770    1578    1832     676     728     330    1629     476
    2164     491     431     436      10     913    1059     467     691
    1663    1323     991     878    1759    1514    1242     384    1526
     502     424     470    1450     157    2047    1485    1212     683
    2099      47    1826    1634     258     707    2022     140     176
    2266     550     243    1132    1904    2172     725    1765      48
    1942    1114     699     480     523     973    1963     119    1933
     168     927    2066    1046    1465    1741    2119    2264    1372
    2015    2347    1750     868     714     575     339      51     830
    1515    2149    1519    1292    2013     187    1414    1190     417
    2052    2371    1418    1559    2384    1102    1295    1274    2150
    1138     161    2131     807    1200    1398    1571     814     594
     257    1815    2069    1623     344     856      26    1064    1572
    1855      91     291     469     870     181     266    1528    1307
       2     156     690    1947     863      12     988     193     126
     103    1491    2311    2274     798     722    1523     488     299
    1330    1679    1545    2346    1672     644     404    1797    2138
     262     942    1349    1911       0      65     282     124     395
    1476    1462    1211    2168    1092    1280     557     875    1945
     827     268     422      43       8    1726     170    2331     247
    2228    1935     331    2327    1037    1966    1532    1252     647
    1949    1422    1415     987      40     401    1175     458     497
     677    1653     145       1    1406    1544     825    2295    1837
     745     190     329     623     222    1564    1375    1451     241
    1163     740    2324     349    2209    1760    2224    1060    1975
    1017    2155    2189    1152     283     406      57    1348    1909
    1713     120    2114     355    1718    2279     998    2113    1395
     645    1293     795    1049     362    1106      22     100    1570
     822    1120    1862    1863    1498     569     568    1400     836
    1517     713    2185    1133     718    1786     207     852    1664
     405    1604    2097    2079    1763    1616    1052    1503     696
     471     210     923     481    1991    2166    1746     855     278
      61     978     742     593    1768     562    1601    1951    2207
    1453     605     946    1640    1536     297    2174    2356    1010
    1432    1614     492    1733    1167    1071     599    1502    1319
    1223    1522    1140     866     775     143    1652    2121     879
    2012    2287     205    2390    1283    2276     956    1461     612
    1980     319    2075    2068    1563    2314     115    1892    1063
    2130     613     738    1113     108     173    2058     601     500
    1696    1337    1749      36    2084    1742     174     534    1051
    2200    2309     732     890     709    2379    1089    1332    1701
    1901     221    1983    2134     894     850    1391    2289     771
    1995    2395     872    2385    1425     343     301    2364     240
     286    1883     952     385    2072    1507    1959     632    1875
    1877    2333    1032    2010     121    1207    1194    1985     635
    1371    2313    1684       0    1605     573    1704     643    1531
    1573    1458    1174      50     811     597    1931    1731    1499
     980     420     538    1944    1626    1030    1540    1708    1222
      92     844    1831     408      83    2339    1866     217     937
     579     101     596    1549    1842      17     655     294     545
     334    1697     279      19     693    1468     489     209     338
     887    1646     525     611    1430    1484    1569    1376     295
    1577    2362    1747    1501     429    1367     166     576     386
    2290      99    1651    1584    1994     177    1399     265    2319
    1014     918     477     687     943    1381    1817      39     719
     373    2077    1620    2112    2325    1438    1876    2188    1269
    1143     711    1419    1576    1182    1967    1296     208    1539
    1226    1107    1761      98    1393     335     292     227    1748
    1108    1699    1956    1437     589     129    1351     896    2251
     537    1011     602    1865     985    2040     970    1839     747
     642    1715    1638     800    1618    1004    1508    1172    2260
    1176    1353    1260     376    1594     842     425    1913     454
    1929    1919    1900    1448     862    1298     882    2198     522
    1649    1948    1721    2204    2048     636     654     880     701
    2194     976     621     415    1215    2378     248    1602    1243
     184     496    2024    1342    1587    2301     744     688    2117
    1409    1637     907     871    1561     832     368    1469    2026
    1849    2320    1271    1145     152     365     228     118    1156
    1137    2056    1716    1641    1443     969    2153     660      62
    1169    2105    2215    2147     326     753    1407     293    1794
    2002     127     213    2374    1669    1520    1920     111      45
      41     135     134      80      44       9      28     107      38
      24    1972    2267     885     646      21    1477       0     128
    1558     851     446    1635    1277     908    1619    1918     924
     561    1607     351     341    2341    2148    1986    2074    1785
     860      75      97       5      31     122     357     318     370
     251     353     345     244     246     757     322     315     572
     563     571     275     242     245     316     303     804     323
      30    1895    1096     383     521     494     513     503     549
     739     530     781     509     490     566     817     615     588
     606     824     982     838     992    1101     723     565    1362
    2023    1310    1711     733    1568    1882    1281     706    1221
    1591    1777     826     532     520     482    1062     543     729
     780     828     769     787     785     762     734     519     831
     600     567     806    1232     972     751    1098     766    1692
      27    1173     724    1581    1417    2043     663      11    1315
    2277     608    1368    1403     651    1633     369     631     375
    1916    1321    1150    1893    1218     555    1906    2173    1806
     650     346     164    2288    2231     944    2037    1695    1135
     939     132     484    2125    1125     312     172    1273      88
     133     791    1497      93     460    1562    1677     443     774
    1730    1725    1527    1251    1287    1081    1897    1658    1851
    1087    2235     407     510     426     658    1036    1364    1889
    1703    1115    1950    1097     846    1871     921    2116     171
     877     834    1743    2286     514      64    1233     392     971
     951    1915    1850    1254    1276      95     928    1170     716
    1628    2201    1513    2169    1844    1420     905     540     288
    1480     374     310    2016     662     671    2181     272    1770
    2098    1225    2230    1474     904     869    2141    2367    1413
    1575    1405     548    2167    2034     311     192      59     203
    1999       0     313    1205    1754    2247     397    1068    1121
    1728    1924    1001    2127    1946    1622    1729     325    2255
     234    1158     935    1044      71    1952    2059    1984    2145
    1941    1246    2349     961    1463      79    1833    1331    1978
    2363    1739     789    1586     511     459    1397     219    2257
      63     438    1357    1100    1775    1214     702     350    2350
    1740    1676    1600    2294    1885     919     903    1294    1385
    1981    2202     141    2038    1433    2133     216     449     802
    1073      16    1279    1320     296    1370    2093     865    2245
     348     848    2036     754     416    1456     400     212    1800
    1314    2400     659    2045    2343     418    1289     136     178
    1161     487    2175     239     195    1154     255    1848    1408
     859     705    2053     963    2388    1360    1712     499     546
    2252    2332    2161    1021     524    1341    2270    2253    1852
      56      15     378     735    1177     528     451     633    1585
    1979    1869     679    1313    1530    1122     151    2190     720
    1077    1593    1249    2282     617    1065    2229    1198    1084
    1773      35     104    2120    2219    1922     925    1917     898
    1612    1830    1131      81    1058    1258    1610    1297    1667
    1784     712    2316    1275    2091     892     876     813     556
     138     253    1632     604     105     580    1656    1560     681
     233    2186     710     637    2213    1757    2268    1076    1327
     158     840     864    1452    1938    1053    2018     867     230
     232    1038    1018     641    2088    1887     204     306    1288
    1764     821    2193    1146     544    1961     308      68      55
     130     139      69      67      94      87      70      53      89
      74      58      77     117      60     116      23      76      85
       0      78     142      66     966      14      20      96      32
      46     125     131      33       6     123     110     109      25
      42     112       7       3      29     106      34     102       4
      73     367     364     320     333     264     290     361     337
     259     287     284     360     332     281     277     321     356
     263     536     309     584     327     307     260     249     298
     314     559     371     352     269     591     379     506     560
     577     347     585     551     578     289     504     302     254
     803     336     763     358     527     607     515    1762     317
     163     618      84     271     516     512    1914     474    1094
     979    1020    1467      49    1104     472     273     380    1688
     363    2140     261    1363    2226    1374    1613     629    1301
    1898    2351    1340    1596    1460    1574    2359    1031     922
    1776     999     808    1354     280     285     372     328     820
     305     252     250     377     517     610     366     342     784
     535     274     574     839     486     381     841     570     558
     768     799     507     539     592     761     614     750     518
     746     552     603     485     772     818     583     542     547
     776     554    1043     767     755     847     743     541     845
     483     786    1024     727     590     960     741     595     819
     777     526     749     609    1035     598     788     805     498
     619     726    1008     582    1003     829    1040     748     616
     779     837     812    1079     858     531     758     783    1082
    1012     986     778    1103     782    1286     793    1039     854
     995    1758    1541    1868     902     146    1266     857    1300
     967     736    1085     790     983     760     796     990    1054
     792     981     773     823     843     833    1311    1050     797
     794     849    1067    1304       0    1316    1264     853    1028
    1019     984    1241    1248    1504    1027     974    1042     835
     964     809    1080     997     861     759    1091    1069    1066
     816    1023    1086    1047     730    1533     993    1002    1235
    1041    1322    1440    1006     765    1325    1000    1095    1230
    1088    1343     996     968    1009    1015    1244     962    1061
    1290    1551    1250    1070    1022    1259    1537    1072    1481
    1488    1083    1025    1033    1228    1309    1278     965    1219
     994    1268    1299    1308    1506    1034    1013    1355     815
     455    1373    1648     359    1144    1682    1454    2297    1216
    1954    2021    2089     708    1681    1139     564     340    1338
    2269     529    2299    2054    1424    1792    1157    1814    1389
    1860      13    2394    1678    1267    2280    1639    1007    2308
    1588    1925     399    1237     975    1306    1247    1093    1224
    1317    1256    1556    1048    1475    1257    1755    1074    1238
    1326    1201    1056    1447    1766    1492    1538    1509    1483
    1580    1236    1099    1511    1262    1780    1240    1494    1471
    1272    1335    1203    1534    1582    1303    1518    1583    1213
     977    1302    1270    1466    1208    1005    1791    1334    1285
    1490    1253    1546    1312    1284    1548    1472    1547    1473
    1239    1705    1799    1318    1566    1446    1744    1336    1487
    1553    1496    1227    1751    1329    1802    1478    1210    1482
    2017    1557    1550    1449    1687    1464    1820    1778    1723
    1801    1804    1968    1442    1455    1822    1789    1245    1512
    2241    1055    1029      72     410    1078     493    1525    1771
    1724    1543    1535    1489    1823    1510    1552    1710    1217
    1769    1505    1734    1811    1702    1495    1788    1524    1493
    1516    1807    1767    1727    1686    1997       0    1793    1779
    1810    1700    2039    1689    1691    1698    1790    1554    1988
    1787    1772    1989    2041    1736    2243    1709    2060    2042
    1927    2000    2062    1808    1720    1783    1781    1683    2044
    1957    2051    1821    2208    1685    2271    2063    1798    2007
    1803    2160    2009    1974    1745    2001    1693    2028    1962
    1812    2258    2237    2046    2033    2050    1926    2212    1707
    1816    1976    2195    2019    2242    2285    1953    2030    1719
    2008    1753    2239    2027    1690    2191    1982     697    1888
     672    2108     382    1234    1500    2369     393    1841     678
    2154    1973    1261    1206     113     638    2392    1735    1521
    1943    1428     587    2020    1864    2162    1590     267    1818
     581     934    1130     810    2344     114    1394    1365      82
     197     324    2182    1977    2281    1936    1819    2061    2197
    2004    2005    2300    2223    1992    2192    2035    1990    2179
    2227    1996    1932    2265    2238    2206    2183    2180    1965
    2259    2187    2222    2248    2184    2262    2176    2217    2244
    2163    1971    2196    2165    2232    2234    2261    2263    2220
    2225    2171    2292    2199    2218    2256    2233    2296    2211
    2170    2177     153     149     155     147     154     150     391
     387     394     388     390     389     160     165     162     167
     159     634     628     625     630     624     626     169     179
     398     403     402     396     874     412     409     411     413
     414     419     640    1109    1105     189     185     186     214
    1861    2073    1328    2273    1383    1714    1188    1111     182
     180     191     183    1110     639    1112     656     652     657
     653     428     884    1350     430     427     423     421    1347
     886     201     198    1346       0     897     889     891     893
     895    1118     664    1470    1123     666    1589     665    1595
     668    1124    1117    1119     670    1127     441     440     435
     442     437     434     206     215    1136    1129    1378     906
     901    1829     909    1835     680    1361     910    1834    1356
    1359     911    1366     682    1827     675     674    1828    1369
    1824     452    1377     450     444     218     220     225     223
    2065    2070    1141     920    1149    1147    1148    2071    1142
    1599    1151    2067    1606     915     914    1840      52    1717
    1738    1204    2380    2353     354     505    1955     495    2078
    1643    1291     936    1339    1647    1603    2368    1090    1026
     737    1555    1333    1617    1231     692     200    1567     695
     689    2214    2064    1611     684     694    1608     501    1756
    1858     465    1680     461    1615     463    1282     456    1263
    1579     462    1838    1160    1444    2342    2310    1843    2003
    1382    1388    1847    1998    1390     764    1836    2315    1529
    1459    1324    1565    1380    1159    1732    1706    1964    1805
    2055    1694    2057    1969    1795    2049    1737    2031    1939
    2291    1960    2205    1923    2025     194    2396    2216    1937
    1930    2284    2011    2246    2254    1940    2389    2178    2249
    1921    1993    2275    2272    1970    2250    2283     667    2278
    2303     144     175     649     648     881    1352     188     883
     888    1625     196     202    1116     432    1592     433     439
    1358    1609    1379     448    2124     445     673    2312    2304
     900    1598    1597     464     457     686    1659    1401     685
     912    2029     466     916    2306    2081    1846     237    1209
     235    2305     236    2307     929     930     698     933    1856
     932     931     941    1853     700    2080    1857     703    2352
     926       0    1854    1153    1155    2085    2321    1162    1384
    2086    2087     473     479     475    2076    1387    2083    1168
    2095    2096     938    1396    1181     945     947    2322    1166
    1165    1402    2094    1621    1630    2326    1624     717    2090
     715    1627    2318    2103    2317    2323    1410    2328    1179
    1412    2336    2335    1404    1636    1411    1178    1421    1416
    1180    1187    1185    1184    1183    2337    1642    1186    2334
    2102     957     950    2330    2338     953     959     954     949
     955    1867    1650     948    1655    1427    1654    1661    1423
    2109    1872    2101    1645    1880    1881    1873    2106    1879
    2110    2123    1191    1197    2104    1193    1199    2100    1878
    2107    1189    2111    1195    1196    1890    1884    1662    1660
    1894    1891    1657    1896    1665    2122    1886    1666    2345
    2348    1431    1439    2340    1434    2118    1429    1435    2128
    2129    1899    1902    1907    2136    1905    1903    2360    2361
    1673    2354    1674    2358    1675    2370    2373    1668    2375
    2139    2142    2372    2381    2137    2376    2144    2143    2366
    2146    2365    1910    1912    1908    2382    2387    2377    2386
    2157    2159    2158    2151    2152    2156    2397    2399    2398
    2391    2393     917    2240    1457     731    1436    2115     468
    2092    2355    1345     940     704    1631    1796    1426    1859
    1445    2082    1671     224    1670     958     478    1265    2132
       0       0       0       0       0       0       0       0       0
       0       0       0       0       0       0       0       0       0
       0       0       0       0       0       0       0       0       0
       0       0       0       0       0       0       0       0       0
       0       0       0       0       0       0       0       0       0
       0       0       0       0       0       0       0       0       0
       0       0       0       0       0       0       0       0       0
       0       0       0       0       0       0       0       0       0
       0       0       0       0       0       0       0       0       0
       0       0       0       0       0       0       0       0       0
       0       0       0       0       0       0       0       0       0
       0       0       0       0       0       0       0       0       0
       0       0       0       0       0       0       0       0       0
       0       0       0       0       0       0       0       0       0
       0       0       0       0       0       0       0       0       0
       0       0       0       0       0       0       0       0       0
       0       0       0       0       0       0       0       0       0
       0       0       0       0       0       0       0       0       0
       0       0       0       0       0       0       0       0       0
       0       0       0       0       0       0       0       0       0
       0       0       0       0       0       0       0       0       0
       0       0       0       0       0       0       0       0       0
       0       0       0       0       0       0       0       0       0
       0       0       0       0       0       0       0       0       0
       0       0       0       0       0       0       0       0       0
       0       0       0       0       0       0       0       0       0
       0       0       0       0       0       0       0       0       0
       0       0       0       0       0       0       0       0       0
       0       0       0       0       0       0       0       0       0
       0       0       0       0       0       0       0       0       0
       0       0       0       0       0       0       0       0       0
       0       0       0       0       0       0       0       0       0
       0       0       0       0       0       0       0       0       0
       0       0       0       0       0       0       0       0       0
       0       0       0       0       0       0       0       0       0
       0       0       0       0       0       0       0       0       0
       0       0       0       0       0       0       0       0       0
       0       0       0       0       0       0       0       0       0
       0       0       0       0       0       0       0       0       0
       0       0       0       0       0       0       0       0       0
       0       0       0       0       0       0       0       0       0
       0       0       0       0       0       0       0       0       0
       0       0       0       0       0       0       0       0       0
       0       0       0       0       0       0       0       0       0
       0       0       0       0       0       0       0       0       0
       0       0       0       0       0       0       0       0       0
       0       0       0       0       0       0       0       0       0
       0       0       0       0       0       0       0       0       0
       0       0       0       0       0       0       0       0       0
       0       0       0       0       0       0       0       0       0
       0       0       0       0       0       0       0       0       0
       0       0       0       0       0       0       0       0       0
       0       0       0       0       0       0       0       0       0
       0       0       0       0       0       0       0       0       0
       0       0       0       0       0       0       0       0       0
       0       0       0       0       0       0       0       0       0
       0       0       0       0       0       0       0       0       0
       0       0       0       0       0       0       0       0       0
       0       0       0       0       0       0       0       0       0
       0       0       0       0       0       0       0       0       0
       0       0       0       0       0       0       0       0       0
       0       0       0       0       0       0       0       0       0
       0       0       0       0       0       0       0       0       0
       0       0       0       0       0       0       0       0       0
       0       0       0       0       0       0       0       0       0
       0       0       0       0       0       0       0       0       0
       0       0       0       0       0       0       0       0       0
       0       0       0       0       0       0       0       0       0
       0       0       0       0       0       0       0       0       0
       0       0       0       0       0       0       0       0       0
       0       0       0       0       0       0       0       0       0
       0       0       0       0       0       0       0       0       0
       0       0       0       0       0       0       0       0       0
       0       0       0       0       0       0       0       0       0
       0       0       0       0       0       0       0       0       0
       0       0       0       0       0       0       0       0       0
       0       0       0       0       0       0       0       0       0
       0       0       0       0       0       0       0       0       0
       0       0       0       0       0       0       0       0       0
       0       0       0       0       0       0       0       0       0
       0       0       0       0       0       0       0       0       0
       0       0       0       0       0       0       0       0       0
       0       0       0       0       0       0       0       0       0
       0       0       0       0       0       0       0       0       0
       0       0       0       0       0       0       0       0       0
       0       0       0       0       0       0       0       0       0
       0       0       0       0       0       0       0       0       0
       0       0       0       0       0       0       0       0       0
       0       0       0       0       0       0       0       0       0
       0       0       0       0       0       0       0       0       0
       0       0       0       0       0       0       0       0       0
       0       0       0       0       0       0       0       0       0
       0       0       0       0       0       0       0       0       0
       0       0       0       0       0       0       0       0       0
       0       0       0       0       0       0       0       0       0
       0       0       0       0       0       0       0       0       0
       0       0       0       0       0       0       0       0       0
       0       0       0       0       0       0       0       0       0
       0       0       0       0       0       0       0       0       0
       0       0       0       0       0       0       0       0       0
       0       0       0       0       0       0       0       0       0
       0       0       0       0       0       0       0       0       0
       0       0       0       0       0       0       0       0       0
       0       0       0       0       0       0       0       0       0
       0       0       0       0       0       0       0       0       0
       0       0       0       0       0       0       0       0       0
       0       0       0       0       0       0       0       0       0
       0       0       0       0       0       0       0       0       0
       0       0       0       0       0       0       0       0       0
       0       0       0       0       0       0       0       0       0
       0       0       0       0       0       0       0       0       0
       0       0       0       0       0       0       0       0       0
       0       0       0       0       0       0       0       0       0
       0       0       0       0       0       0       0       0       0
       0       0       0       0       0       0       0       0       0
       0       0       0       0       0       0       0       0       0
       0       0       0       0       0       0       0       0       0
       0       0       0       0       0       0       0       0       0
       0       0       0       0       0       0       0       0       0
       0       0       0       0       0       0       0       0       0
       0       0       0       0       0       0       0       0       0
       0       0       0       0       0       0       0       0       0
       0       0       0       0       0       0       0       0       0
       0       0       0       0       0       0       0       0       0
       0       0       0       0       0       0       0       0       0
       0       0       0       0       0       0       0       0       0
       0       0       0       0       0       0       0       0       0
       0       0       0       0       0       0       0       0       0
       0       0       0       0       0       0       0       0       0
       0       0       0       0       0       0       0       0       0
       0       0       0       0       0       0       0       0       0
       0       0       0       0       0       0       0       0       0
       0       0 2929474]
---------
