---------
Problem: journal-set/Kytojoki/33.vrp , Best known: 0
Time elapsed: 74.2515 secs,  Time per loop: 24.7505 secs
---------
Stopped at generation 3, Best cost: 2956667, from Generation: 3
---------
Best solution: [      3       0       0    1132     538    1461     933    2398    1413
    1678    2018    1637     553    2180     921     892    1282    2219
     540    1759     799     225    2122    1479    1862     616    1178
    2331     261    1239      24     126    2324     296     500    1162
     719     804    1472    2083     566    2280    2008    1613     131
     476    1695    2341    1338     247    1113     832    1850      43
    2357     658     808     587    2298     221     984    1966    2237
    2216    2255    2172    2262    1939    2272    2181    1990    2193
    2165    2024    2182    2294    1698    2215    2218    2284    2303
    2017    1936    1803    1935    1988    2162    2161    2197    1932
    2279    2213    2289    2212    1724    2221    1722    2052    2177
    2190    2273    2023    2274    1820    2207    2256    2258     119
    1995    2267    1768    1931    2295    1720    1772    2232    1753
    1486    2288    1782    1581    1922    1723    1485    2011    1816
    2001    2201    1775    1822    1986    1767    1958    2285    1731
    1566    1469    1692    1459    1937    1713    1693    1818    1773
    1510    1756    1705    1734    1823    1456    1766    1289    1460
    1496    1502    1755    1504    1737    1582    1341    1327    1491
    1733    1240    1447    1729    1468    1746    1718    1789    1688
    1703    1715    1564    1318    1525    1498    1229    1273    1221
    1710    1256    1489    1064    1264    1049    1521    1312    1561
    1101    1216    1569    1503    1534    1568    1559    1002    1303
    1238    1285     824    1228    1457    1249    1512    1028     976
     847    1062    1236    1272     809    1068    1065     993    1314
     972     765    1530    1556    1450    1235    1039     735     992
    1306     749    1103    1296     822    1088    1271     584    1310
    1081    1094     862    1234     796     985    1069    1019    1067
     852     825       0     977     968     770     842    1001    1210
     499     835     848     731     960     806    1079    1031     567
     501     526     544    1080     753     850     519     817     798
     751     994     525     787    1050     585     612     579     761
     811     970     826     604     549     595     836     756     720
     563     512     833     504     507     258     260     481     581
     840     767     726     377     535     610     381     367     818
     345     781     816     524     493     571     730     255     516
     596     593     546     486     527     551     490     352     327
     576     505     533     488     611     558     489     577     560
     277     334     284     346     356     382     316     302     545
     359     333     311     278     372     350     242     328     250
    1319     339     317     338     361     297     319     291     355
     374     301     265     364     241     271     318     480     283
     111     135     143     139     113     117      86      91      89
      37      84      85     110     140     141      40      94      64
      36      19      18      66     305      21      23     112      70
      71      67      73      48      77     105      57      35      83
      29      33     240      27     103      31     102     124      32
     121     722     912    1690    1670     988    2163    2117     253
    1371    2287    1258    2130     945    2016     100    1383     101
     606    1141     118     431    1168     725    1116     331     228
    1404    1776    1414    2236    1007     208     207    1323    1660
    1006     451    1475    1910    1245    1553    1267    1326    1696
    2291     409     760     821    2198     444    2170     592    1874
     568     715    1435    1689    2277    1507    1517     920     523
    2400     922     934     380    2026    1205    1194     456     734
     887     195     841     459    1682    1347    1685    2399    1646
       0    1076     750      92     201    2029    2139     763     981
     819    2060    2378    1448    1964     120    1758    1515     189
     369    2124      28    2335    1542    1261     559    1738      82
    2304    2037    1161    1143     244    1288    1640    1043    1047
     539    2151     252    1883      45     812    1471     691    1623
     425    1661     199      63     455     396    1317    1382    1981
    1606    2057    2252    2176    2257    2264    2249    2283     155
     153     145     394     384     392     630     634     628     624
     627     629     874     868     871     865     869    1106    1112
    1105    1109    1352    1348    1592     165     166     163     159
    1585    1832     407     402     399     405     401     403    2074
    2072    2070    1829     636     176     168     639     645    2314
     637    2315    2065    2069     411    2311     878     886     884
     656     180     185     190     652     653     648    1119    1126
    1124     897     198     203     193     424     895     888    1359
    1362     212     206     209     437     435     434     433     432
     662    1131    1596    1128     216     222     218     223    1599
    1605     454     453     452     447     448    1597     677    1377
     675     679     682     672     674    1379    1373     910     911
    1374     901     906     909     908    1375    1369     467    1372
     466    1839     659     966    1799     337    1912     383    1378
    1608     758      41    1929    1247    1107     780     254    1622
     458     281     625    1353    1292     324    1057     129    1344
     495    1763     845    1361    1838      55    2375    2259    1346
    1785     494     589     348    2025    2305    2006     464     235
     692    1226     605    1108     834     269    2135    2292    1072
    1911    1882    1617    2235    1248    1835    1792    1831    2178
     400     548      30    2064     248    1620     839    1518     687
     167    1954       0    2039     686    1728    1380     148    2061
    1176     689    2051    1321    1172     647    2263     386    1000
    1711     738    1509    2166     184    1971     654    1329     777
    2214     633     693    1193    2042     714     290    1716    1349
    1022    1487    1438     685     607     954    2040     958    1664
    1844    2319    1560    2120       3     864    1462    1142    1215
    1972     774    2114     597    2118    1217     196    1842    2349
    2063    2348    2128    2112    1974    2014    1892    1425    1416
    1663    1546     718    1419      39    1893    1291    2374     854
    1649    2119       7    2109    1886     615    1449    1840    1652
    1953    1638    1769    1650    1186     487    1927    2328     893
     923     479    1861     510    2333     475     469     470     472
    1586    1180    2022     474    1114    2004     575    2129    2154
     951    1641    2090     122     151     762    1764     918    1636
    1642    1643    1634    1919    2336    1446    1709     744     473
     952    1409    1635    1567    1407    1584     406     915     942
     913    1899    1589     711     937     232      62     238    1969
    2015     237     234     363     236    1619     936    1397     829
     944    2096    1402    1165     983    1955    1394       8    1616
     708    1627    2251    2191    1334    1038     779    1175    1146
    1167    1610    2316    2322     609    2231     430    1973    1150
    1600    1092    1174    1149    1956     699    1765     182     877
     707    1322     706    1307    2268     518     631    1712     700
    1017    1612    1388      79     697    1593    2045     398    2338
    1856    2144     861     702      97    1342    1760    2054    2175
    2189    1060     312    1824    1313    1066    1059    1158     792
     491    1513    2075    1578     591    1021     930     471    1424
    1476    2379       0    1023    1725    1408    2086     926     881
    1902    1875     935      65    2084     768    1453    1157     924
     123    2080      88    2021     368    1540    1052     784    1604
     321     136    1633    1869     300    1997     739    1942     307
    1163    1576    1774    1136    2111    1155    1159    1857     678
    1834     671     668     204     393    2068    2101     443    1871
     669    1837    2309     613    1212     600     956    2028     885
    1406    1335     211     660     916     667     178    1590    1621
    1847     175    1719     439    1356    1367     108    1153    1607
    1526    1360     421    1152     896    2073    1859    2153    1355
     162    1999    1366     408     391     460    1384     635     147
     200     423    2325     197     729     213     851    1865     202
    1386    1123     771    1351     651     191     205     506     883
    1033    1957     270     419    1726    1648     412    2032    1465
     415    1232    1381    2179    1391    1780    1536    1104     880
    2270    1924    1345     752    1535     410    1390    1672    1493
    2171     713    1545     638    2030    1495    1572    1555     870
    2019     866     644     955     169     973    1048     171    1594
     641     529     360      25    1332    1852    1575    2031    2250
     173     815    2254    1550     979    1095     177     172     872
    2380      22     614    1170      50    2089    1595     873     759
     941     946    1074     943     341     856    2093    2318     586
    1529    1027    1171     183    2265    1508     991     442     712
    1918    2321    1403    2126    2317      98      49    2261    2360
    2097     783    1024    2192    1894     133     226    1868     928
    1396    1474     709    1098    1293    1702    2337    1511    1195
     791    1418     982     256    1243     580    2098     378     243
     953     230    2302     578    2094    2095    2173     349     957
    1631     670     907       0    1268    1684    2047    1263    1706
    1629    1843     266    1331     552    1630     224    1179    1357
    1411      52     975    1524    2373     876    1315     650     950
    2059     138    1960    2044    1970    1415    2245    1557     623
    1405    1809    1683     329    2055    1864    2233    1091    1189
    2208    2183    2199    2000    1867     939    2043    1952    1923
    2330    2247    1934    1691     245     340    1199    1191    1269
    1926     214    1996    1339    2116    1704     251    1991    1863
    2220     303    2027    1196    1420    2012    1084    2299    1190
     543    1655    1878     536    1845    1211     998    1925    1089
     732    1880    2033    1350    1873     106    1788    1950    2107
    2234    2339    1207    1241    1433    1437    1872    2104    1667
    1365     967    2326     695    1815    1434    2200    1129    1890
    1208    1233    1305     160    1945     342    1473     161    1891
    1694    1657    2062    1410    1739    1993    1933     376    1541
    1889    1160     436    1979    1895    2002    1810     362    1444
    2007    2108    2275    1948    2105    1281    2113    1478    1930
    1714    1677     194    2342     157    1807    1543    1681     790
    1659    2344    2350    2229    2351    1913    1336    2346    2278
    2013    2133    2167    1676    1906    2185    2131    2187    1903
     743    1901     427     849    1904    2238     775    1905    1805
     837    1673    2132    1077    1051    1800     181     413    2359
    2355    2363     664    1980     532     508    2362    1917    2392
    2353     304    2356    1946    1915    1086    2077    2320    2352
    1914    2147    2050     996     562    1183     746     843    1290
    2146     463    2370    2369    1796    1156     980     860    1254
    2366    2364    2155     748    1757    2159    1401    2156    2152
    2386    1858    2383    1537     429    1298    2385    2377    1813
     125     570       0     561    2081    2223     220    2174    1527
      81    1628    1609    2397     620    2394    2388    1370    2297
      26    1679    1169    1363    1477    1814     385    1579    1452
    2038     990    1154    1237     485    1133    1614    1470    1063
    1552     995    1532      53    1771    1324      38    1398     704
     154     889    1275     449    1793      75    2358    1299    1259
    1304    1920    1036    1262    1030    1580     855    1185    1311
    1214    1523    1120    1482    1812    1488    1750     964    1148
    1707    1223    1500    1562     805    2010    1522    2382    1730
    1828    1898     814    2169    2056    2286    2205    1680    1328
    1881    1364     219    1783     764     684    1330    1041    2184
    2210    1279    1975     696    1200    2160    1798    1422    1571
    1658    2079    1588    2271     838    1547    1668    1480     772
    1754    2034     594    1808    1531    1201    1699     483    1231
     961    1137    1230    1070    1801     275    1309    1577    1058
    1982     292     375      87     846     308     280    1794     174
    1721    1242     947    2091    2225     313    1115    1376    2276
     728     859    2141     603     373    2384    1591    1320    1277
    1071    1671     778    1035     461    1040     890      69    1656
    2005    1538      44    2067    1484     462     231     705    1781
    2138    1134    1727    2100    1665     698     132    1093    2103
    1647    2243    1528    1601     130    1784     661    1916    2391
     694     440     974     192     925    1520     830    2148    1494
    1666      96     541     828     428    1762     387    2306       5
     344    1395    2102    1879    1085      54    1082     904    2242
     229    1087    1219    1029     795     498    1490    1073    1745
     736    2217    1008     468    1751    1429    1274     522     820
     801    2240     703    2389       0     782    1854     457    2195
    1624    2281    2372     293    1368     721     754    1533    1003
    2157    1790    2395    2365    2222    1700     150     632    1032
     484      46     233     509    1851      58     537    1741    1266
     745    1244     601    1965    1492    2224    1428    1977    1985
    2390     793    1122     365    1011    1777    1297    1099    1255
     879    2136     227    1005    1443    1949    2071     520    1940
    2186     582    2066    1026     867     831     210    1166    1675
     109    1117    2347    2053     932     422    1441    1644     938
     875    1983     737       6    1686    1626    2087     276    1481
     299    2332    1426    1506    1787    2396     426    2082    1909
     267     107    2361    1885    1570    1802    2260    1752    1042
    1436    1786    1202       2     186     733     727    1519      56
    1253     515    1848     294    1354     800     116     794      11
    2310     618    1994    1025     530     309     574    1770     417
     320     680    1037     156    2121     416     797    1497     482
    1250    2143    1054     310    1558     555    1821     882     785
     971     599    1302    2003     769    1111     621     496    2329
    1412    2145     514    1181    1385     465    2296    1827     187
     717     776     919     332    1876     104     450     513    1587
      93      47    1283    1225     572     573    1554     287     813
    1053     502     142    1967     742     622     259    2253     978
    1222    1795    2204     298    1218    1102     273     583    1458
     326    1018     823    1938    1046    1308      76    2293     366
      68     246    1286    1978    1209    1164     354    1316    1301
    1548      17     556      60       0      13     569    1651     286
    2227       1     723     323     115     517    1206     497    2266
      16     766     963      72    1096     263     335    1265    1276
     747      99     757    1004    1203    1907      80     134     503
    2196    1748      90    1505    1806     371    1246    1565     306
    1516     997    1020     322      20    1897    1055     986      78
    2301     336     315     128    1928     534    2046    1075      74
       4    2228    1749    1270     786     554     357    2009     802
     325    2239     521    1012     314    1454    1697     666     899
     351    2244    1778    1687    1989     740    1056     803     565
      95     853     608      15     152     330    1717     282    1325
    1252      51    1574    1811    1921    1463     827     370    2206
    1278    1742    2248     724    1220     268     295     492    2035
    1294     149    1045      10     288    1333    1984    1732     962
     279     810    1034    1204    1943    1992    1744    1740     353
    1611    2226    1573       9     528    1090     547    1213     379
    2246    1998    1797    1551    1257    1014    1514    1295      34
     249     665     564     137     289    1442    1961    1701     863
     127     655     619    1015     858    1791     663    2048    1100
     905     557    1127     999    1251    1962      61     274    1941
     987     773     358    1455     617    1016    1044    1121    2202
    2164    1343     445     681    1145     602    1708    1227    1013
    1010     598    1139     676     969     902     857     550     531
    1735    2168     640    1009     272    1287    1483    1300    1284
    1583    1855    1224    1747    2290     965    2115    1466    1078
    1968    1451    1097    1549    2188    1959    1987    1464    1819
    1736    1337    1144    2036    1963    2300     511    1947     683
    2058    1539    1445    1440    1280    2376    1976    2203    2313
    2020    1944    1779    1083    1501    1544    1817       0    2269
    2049    1804    2209    2194    2282    1563      12    2230    1761
    1951    2241     146     389     626    1467     390     395    1110
     164    1833     643     158    1826     404     646    1825     397
    1830     179     642    2308    1340     844    1125     388    2307
    1061      14     891    1603    2312    1118     170    1358    1836
     755     657     414     807     144    1841    2211    1598     789
    1866    1602    1846     262     347     446    2085     649     188
     264    2076    2323    2078     900     898    2327    1140    1151
    1138     542    1900    1130     441    1135    1147    2158     903
    1618     438    2393    1674    1387    1908    1860    1853    1389
     917    1849     673     688     239     690    1260     788     931
    2088    2092    1499     914     929    1399    2340    2334    1400
     285    1392    1870    1184     257    1625    1639     927    1632
     588    2110     477    1187     701    2106    1393     478    1173
    2099     959    1877    1177     940    1427     716    1888     114
      59    1654    2123    1743     989    1182     343    2343     710
     217    1417    1198    1439    1653    1645    2345    1197     949
    1423     948    1421    1884    1192    2368    2134    1887    2371
    1662    1188    1432    1896     741    1615    1431    2354    2041
    2125    2127    1430    2137      42    2387     590    2140    2367
     418    2142    1669    2381    2150    2149     894     215     420
       0       0       0       0       0       0       0       0       0
       0       0       0       0       0       0       0       0       0
       0       0       0       0       0       0       0       0       0
       0       0       0       0       0       0       0       0       0
       0       0       0       0       0       0       0       0       0
       0       0       0       0       0       0       0       0       0
       0       0       0       0       0       0       0       0       0
       0       0       0       0       0       0       0       0       0
       0       0       0       0       0       0       0       0       0
       0       0       0       0       0       0       0       0       0
       0       0       0       0       0       0       0       0       0
       0       0       0       0       0       0       0       0       0
       0       0       0       0       0       0       0       0       0
       0       0       0       0       0       0       0       0       0
       0       0       0       0       0       0       0       0       0
       0       0       0       0       0       0       0       0       0
       0       0       0       0       0       0       0       0       0
       0       0       0       0       0       0       0       0       0
       0       0       0       0       0       0       0       0       0
       0       0       0       0       0       0       0       0       0
       0       0       0       0       0       0       0       0       0
       0       0       0       0       0       0       0       0       0
       0       0       0       0       0       0       0       0       0
       0       0       0       0       0       0       0       0       0
       0       0       0       0       0       0       0       0       0
       0       0       0       0       0       0       0       0       0
       0       0       0       0       0       0       0       0       0
       0       0       0       0       0       0       0       0       0
       0       0       0       0       0       0       0       0       0
       0       0       0       0       0       0       0       0       0
       0       0       0       0       0       0       0       0       0
       0       0       0       0       0       0       0       0       0
       0       0       0       0       0       0       0       0       0
       0       0       0       0       0       0       0       0       0
       0       0       0       0       0       0       0       0       0
       0       0       0       0       0       0       0       0       0
       0       0       0       0       0       0       0       0       0
       0       0       0       0       0       0       0       0       0
       0       0       0       0       0       0       0       0       0
       0       0       0       0       0       0       0       0       0
       0       0       0       0       0       0       0       0       0
       0       0       0       0       0       0       0       0       0
       0       0       0       0       0       0       0       0       0
       0       0       0       0       0       0       0       0       0
       0       0       0       0       0       0       0       0       0
       0       0       0       0       0       0       0       0       0
       0       0       0       0       0       0       0       0       0
       0       0       0       0       0       0       0       0       0
       0       0       0       0       0       0       0       0       0
       0       0       0       0       0       0       0       0       0
       0       0       0       0       0       0       0       0       0
       0       0       0       0       0       0       0       0       0
       0       0       0       0       0       0       0       0       0
       0       0       0       0       0       0       0       0       0
       0       0       0       0       0       0       0       0       0
       0       0       0       0       0       0       0       0       0
       0       0       0       0       0       0       0       0       0
       0       0       0       0       0       0       0       0       0
       0       0       0       0       0       0       0       0       0
       0       0       0       0       0       0       0       0       0
       0       0       0       0       0       0       0       0       0
       0       0       0       0       0       0       0       0       0
       0       0       0       0       0       0       0       0       0
       0       0       0       0       0       0       0       0       0
       0       0       0       0       0       0       0       0       0
       0       0       0       0       0       0       0       0       0
       0       0       0       0       0       0       0       0       0
       0       0       0       0       0       0       0       0       0
       0       0       0       0       0       0       0       0       0
       0       0       0       0       0       0       0       0       0
       0       0       0       0       0       0       0       0       0
       0       0       0       0       0       0       0       0       0
       0       0       0       0       0       0       0       0       0
       0       0       0       0       0       0       0       0       0
       0       0       0       0       0       0       0       0       0
       0       0       0       0       0       0       0       0       0
       0       0       0       0       0       0       0       0       0
       0       0       0       0       0       0       0       0       0
       0       0       0       0       0       0       0       0       0
       0       0       0       0       0       0       0       0       0
       0       0       0       0       0       0       0       0       0
       0       0       0       0       0       0       0       0       0
       0       0       0       0       0       0       0       0       0
       0       0       0       0       0       0       0       0       0
       0       0       0       0       0       0       0       0       0
       0       0       0       0       0       0       0       0       0
       0       0       0       0       0       0       0       0       0
       0       0       0       0       0       0       0       0       0
       0       0       0       0       0       0       0       0       0
       0       0       0       0       0       0       0       0       0
       0       0       0       0       0       0       0       0       0
       0       0       0       0       0       0       0       0       0
       0       0       0       0       0       0       0       0       0
       0       0       0       0       0       0       0       0       0
       0       0       0       0       0       0       0       0       0
       0       0       0       0       0       0       0       0       0
       0       0       0       0       0       0       0       0       0
       0       0       0       0       0       0       0       0       0
       0       0       0       0       0       0       0       0       0
       0       0       0       0       0       0       0       0       0
       0       0       0       0       0       0       0       0       0
       0       0       0       0       0       0       0       0       0
       0       0       0       0       0       0       0       0       0
       0       0       0       0       0       0       0       0       0
       0       0       0       0       0       0       0       0       0
       0       0       0       0       0       0       0       0       0
       0       0       0       0       0       0       0       0       0
       0       0       0       0       0       0       0       0       0
       0       0       0       0       0       0       0       0       0
       0       0       0       0       0       0       0       0       0
       0       0       0       0       0       0       0       0       0
       0       0       0       0       0       0       0       0       0
       0       0       0       0       0       0       0       0       0
       0       0       0       0       0       0       0       0       0
       0       0       0       0       0       0       0       0       0
       0       0       0       0       0       0       0       0       0
       0       0       0       0       0       0       0       0       0
       0       0       0       0       0       0       0       0       0
       0       0       0       0       0       0       0       0       0
       0       0       0       0       0       0       0       0       0
       0       0       0       0       0       0       0       0       0
       0       0       0       0       0       0       0       0       0
       0       0       0       0       0       0       0       0       0
       0       0       0       0       0       0       0       0       0
       0       0       0       0       0       0       0       0       0
       0       0       0       0       0       0       0       0       0
       0       0       0       0       0       0       0       0       0
       0       0       0       0       0       0       0       0       0
       0       0       0       0       0       0       0       0       0
       0       0       0       0       0       0       0       0       0
       0       0       0       0       0       0       0       0       0
       0       0       0       0       0       0       0       0       0
       0       0 2956667]
---------
