---------
Problem: journal-set/Kytojoki/33.vrp , Best known: 0
Time elapsed: 71.9749 secs,  Time per loop: 23.9916 secs
---------
Stopped at generation 3, Best cost: 2934417, from Generation: 3
---------
Best solution: [      3       0       0     500     501    2067    1378     355      85
    1141     465    1411    2348     483    1905    1436     683     469
      95     886     637    1050     890     547      36    1689    1348
     910    1560     572     850    1112    2100     564     385    1921
    1914    2289     563    2320    1613    2394    2037     491    2336
    1026      77     169    2375    1998    1831     410    1894     260
    1958    1879     562    1863     337    2150     227    1134     533
     602    1603    2331      98    1939    1491    1103    2337      38
    1532    1536     250     400    1902    1208    1642     771     679
    1579     930     344    2151     984    1732    2254     750    1282
    1006      97    1090     426    1117    2204     668    1051    2143
    1933     669     102    1967     830    1052    1760    1906     752
    1180    1608    1641    1551    1508     792    1320    1444    1960
     715    1297    1968     356     737    1362     188      44     587
     660     718     117    2350    1301     690    1979     324     437
     863     383     647     908    1421     840    2226     630    1841
     899     224     375     504    1499     180    1585    1729     203
    1267     186    1471    1862    1047    1317    1467    1948     341
    1639     283     130    1563    1359    1285     636     233    2400
     620     928     235     797    1075    2302     935    1166    1740
     126    1453     106    1809    1121    1915    1557    1638     135
     938    1580     667      89     656     874    1324    2248     306
      82     446    1858    1069    1847     113    1400    1890      54
    1470      68     895     558    1561     971      61      47      70
      41      23      66      90      71      86      64      20      18
      51     114      63     110      78     240       1      10      59
      57      55      26      49      24      76      56     129     104
     100     125     120     379     332     281     257     351     258
       0      43     247     326     269     268     270     245     377
     367     316     299     369     368     266     343     569     573
     543     527     544     519     271     503     510     358     308
     859     553     241     522     262     373     349     256     277
     480     836     265     854     858     815     787     311     727
     312     272     370     342     297     345     857     334     363
     592     806     546     498     521     590     774    1099     556
     584     591     538     525     612     586     606     499     555
     813     784    1094     767     551     621     579     488     528
     785     484    1067     990     535     529     603     844    1011
     490     810     839     623     779     994    1076    1002    1016
     848     548     742     998     993     818     589     537     486
    1055    1263    1045     967    1013     734    1097     799    1335
    1339     973     738     808    1254     778    1088     721    1316
     732     969     749     756    1256     831     851    1049     763
    1238     861    1463    1082     740    1058     775     726    1251
    1230     807    1278     814     992    1057    1040    1290     745
    1247    1096    1494    1032    1020    1315    1231    1031    1703
    1080    1321     978     963    1461    1048    1037    1015    1319
    1074    1228    1072    1029    1089    1474    1525    1205    1044
    1279    1306    1473     966    1336    1518    1304    1787    1535
    1577    1333    1034     975    1311    1526    1327    1507    1202
    1479    1440    1226    1299    1236    1687    1255    1329    1714
    1287    1260    1268    1219    1211    1214    1340    1943    1710
    1472    1731    1250    1713    1294    1962    1765    1566    1488
    1546    1483    1331    1718    1510    1702    1343    1475    2058
    1539    1515    2062    2059    1581    1711    1790    1725    1680
    1511    1466    1720    1927    1773    2183    1778      40       0
    1477    1759    1534    1746    1741    1806    1813    1739    1786
    2005    1984    2016    1812    1715    2006    1492    1681    1750
    1583    1752    1698    2048    1965    2233    1706    1928    1542
    1800    1738    1821    2295    1937    1920    1774    1768    2009
    2193    2181    1695    1926    1981    1986    1704    1820    1952
    2028    1811    2182    2033    1936    2261    2205    2270    1989
    2198    2007    1975    2253    2191    1995    2177    1931    1961
    2160    1805    2166    1935    2173    1923    1924    1944    2203
    1940    2219    2230    2025    2176    2186    2247    2229    2165
    2273    2172    2236    2301    2271    2300    2175    2210    2184
    2262     146     155     151     152     144     147     145     392
     387     388     389     393     632     627     631     626     634
     635     629     625     166     158     164     159     167     160
     165     161     157     872     871     867     870     866     873
     875     402     869     406     397     404     178     174     173
     179     171     176     172     168    1111    1107    1110     643
     642    1113    1108    1114    1109     644     641     645     413
     411     409     408     419     417     416     189     187    1350
     202     194    1345     192     653    1126     897     655    1122
    1586    1591     425     213     208     204     206     422    1119
     427     423    1118     441     440     435    1589     888     894
     889     892     896     455     661     674    1828     666    1363
    1835    1364    1834     221     217     218     219    1829    1357
    2071    1132    2066     695     692     904     687    2065     900
     918     907     916     919    1604    1373     462    1600     467
    1371     238    1379    1369    1617     933    2311     925    1376
    1842    1142    1148    1149    2312    1140    1156    1151    1155
    2314       0    1843     140     699     701     703     470     478
     473     468     474    1836    1845    1616    1385    1388    1380
    2078    2083    1401     939     717     710    2076    1859     713
    2085    1850    2077    1404    2326    1856    1634    1622    1620
    1636    1626    1635    1179    1640    1181    2094     958    2099
    2316     949     953    1646     955    2325    1652    1650    1644
    2317    2092    1861    1872    1876    1866    1871    1881    1875
    1883    1420    1419    1423    1425    2334    2338    2339    1193
    2329    2335    1887    2103    2111    2106    2118    2119    1667
    1658    2132    1438    2130    2131    2134    1433    1435    1428
    2345    2354    2344    2343    2347    2369    2359    1897    1904
    2141    1678    2364    1669    1674    2136    2381    2147    1912
    2384    2377    2386    2383    2379    2156    2155    2154    2399
     463    2137    2391    2397    2225    1917    2140     313    1464
    2328    2189    1955     706    2389    1878    2395    2152    1396
    2148    2149    2159    1910    1916    1908    2370    1186    2374
    2366    1189    2378    2382    1187     914    1671    2242    2380
    1677    2145    2125    2129    2124    1432    1754    2142     317
    2139    1430    2144    1429    1901    2362    1885    1891    2321
    1893    2279    1886    2371    1884    1892    1870    1192    1888
    1900    1190    1896    1196    1195    1415    1191     239    1194
     951    1918    1199     686    1360    2351    1661    1665    2105
    2101    1386    2123    2117    1645    1659    2114    1662    1649
     922    1171    2102     948    1300     608    1867    1353     445
    1656    1220    1418    1558    2341     748     399    2113    2269
    1406    2330    1408    2333    1966    2319    1409    1657    1434
    1877    1410    1802     714     534    2332       0      45    1178
    1688    1873    1412    2107    1169    1165    1826    1239      16
     665     708    2074    1516    1261     195    1610    2290    1176
    1174    1269     371    1524    1173     688    1860     968     286
     716    2110     931    2299    1633    1399    1865     940     719
     944    2327     651    2323     976     134     876      50    1629
     517    1092    1237    1182    2091    1601     879    1116    1595
     885     242    1374    1983    1252    2021     424    1168    1292
     936    1627    1246    1393     929    2012    1624    2232     481
     700     689    2086    1882    1158    2195    1590     439     198
     568     228    1370     215    1628     232     735     950    2249
     153    2036     148    2179    1621     472     800    2089    1272
    1625     471     477    1651    1164    1175     943    1631    1392
     868    2082     214    1838    2292    1751     947    1264    2267
    1840    1837    1851      96    2081    1957    1397    1839    1394
    2322     231    2070     705    1381    1387    1959    2304    1152
    2305    1216    2315    1384    1550    2294    2306    2313    1391
    1153    1598    1162    1607    1605    1974    1506    1223    2208
    1154    1599     685    1547     691     459     464    1144     915
      93    1606    1361     920    1367     137     226     618     450
     454     451     452     444     512    1691    2206     672    1242
    1487    1136    1549    1950    1328     911    2260    1064    2178
    2056     210    1555    1145    1135     853    2398    1825     365
    1137     677    1000    1441    1138    1744     927     952     567
    1683    1576    1377     901     902     212     903    1150     254
     906    1503     841    1523    2376    2207     852     430     193
     431    2390     559     662     881     432    1303     682     429
     650     663     664    1588     671    1123    1592     196     565
     118    1233    1572     654     793    1632    1288     200     909
     658      67       0     139     421     420     119     201    1945
    1021     768    1017     809     181    2153     182     190     601
     884     303    1124    1312     941     418     453     412     346
     617    2163    1349    2135    1125    2049      92     183    1086
     170    1457    1309    1077    1587     923     646    1977    2080
    1298     639    1460     524     824    2288    2244    2280    2234
    1342    2202     982     350    2169    2174    1095    1770    2199
    1618    2298    2245    2287    2209    2187    2035    2266      39
    2201    2162    2296    1091       5    1402      99    1417    1493
    2286    2212    1276    2213    1212    2231    2040    2180    1951
    1997     127    2255    1903    2001    2200    2243      79    1930
    1946    1318     514    1988     103     449    2251    2030    2277
    2023    2238    1459    2079    2029    2256     285     296    1970
    1827    2010     347    1023    2088    2220    2047     122    1128
    2293     249    1982     492    2044       9    1427    2190    1795
     826    1947    2276     291    1679    1819    1909     709    1593
     223    2223    2185    2168    2222    1815     479    1485    1798
    1203    2015    2017    2097    1996     934    1761    1035    1963
     273    1864     882    1701    2095    2283    2020    1690    1693
    1801    1068    1163    1033    1993     115    2000     335     827
     154    1708    2284    1730    1672    2237    2215    2157     518
    1723    1781     414     582     561    1682    2282    1258    1777
    1643    1978     378     622     149    1722     243    1756    2239
    1954    1717    1719    2211    2291    1969    2064     128     458
     300    2164    2045    2121    1366    1326     495     657    2090
     253     942      48    2031     191    1468     230    1520     754
    1085    1283    1797     977    1442    2093     905       0    1482
     136     108    1709    2039     924    1213    1354       7    1071
    1456    1046    1341     599    1221    1612     323     880     505
    1177    1389    1707    1742     759    1568    1807    1692    1724
    2054    2038    1767    1728    1780    1733    1925    1530     184
    1749    1465     502    1956     769    1455    1018    1115    1422
    1753    1817     523    2013    2034     407    1666     530    1225
    1578    1449    1039     611    1853    1712    1816     673     878
    1517    1519    2084    2355    2051    2046     613    1454    1696
    1495    1490    2014    1775    1478    1451    1792    1758     301
    1734    1597    1274    1990    1769    1512    1833    1504    1745
    1757    1919    1502    1257    1782     704    1611    1889    1791
    1772    1407    1131     261     965     209    1314    1207    1564
     557     972    1375    1880     105    1913    2011    1010    1788
     960    1243     659     855    2360     143    1480     862     185
    1553    1358     723    2227     999    1275      87    1209    2361
     287     442    1541    1277      88    1570    1286    1562    2027
    2022    1414     997     360     957    1104    1764    2275      34
     101    2043     531    1647    1522    2356    1293     945    1062
    1307     652     741     781    1700     141    2158     842     225
    1743    1531    1448    2224    1413    2024     805    1543     415
    2041     725      25     211     237     822     762    1227     571
    1325    1548     954    1462     801     460     865     961    1253
    1008    1705     770    1273     729     989    2170    2252     956
      27     132    1244    1204     290    1694    1323    2340     595
    1322    1129    1675    1157    1217    1270    1266    1235    1559
    2365    2272     988     893    1332    1337     676    1823    1302
    1240     600     574       0    1265     693      52      22    1232
    1079    1976     913    2358    1528     974     987    1330    1424
     753     730    1571    1022     962    1170    1994    1066    1063
    1289     697    1218     986    1447     980    1575     696    1291
    1073    1846    1271    1673     436    1443     229    1249    1024
    1009     995     877    2087     694     288    1284    1059    1313
     405    1308     348    1054    2050    1146     177    1987    1061
     847     728    2372    2265      46    1001    1222    1476    2053
     783    1755     798     845    2363     615    1584       4       6
     624    2281    1830     991     497     520     428    1552      72
     596     508    1899    2057    1053    1185     516    1431    1874
     829     124    1799      35     790    2068    2263    1382     302
    1469    2032    1005    1793    2387       3    1004     121     320
     580    2018     777    1352    2388    2258    1450     761    2216
    1234     327     109     937    1521    1383    1721      58      94
     513    1078    1540    2171    2346    2061     107      73       2
      69     511      83    1036      19     252    1670      11      75
      29      65     133      60      33     112      84     267      31
    1727     282      62      81      21      80      74     333     276
     381    2268    2026      13     111     116    2373     891       8
      37    1784     123     751      30      32     325    1028     307
     329     284     382     278     304     328     294     374    2235
    1481     339     246     361     319     244    1305     310     720
     856     264     295     364    2108     275     354     338     366
     376     330     575     536     485     309     380     585     279
    1262     362    1084     131     259     359     305     352     289
     138     541     298     142     292     372     791     760     331
     314      42     357    2042     353       0     248     340     293
     743     577     583     539    1200     550     619     581     560
     496     552     515     598     616    1167     566     609      53
     946     776    1545     570     758     549    1776     681     825
    2318      12     506     322     540     545     816     764     970
    2060     542     482     554     765     507    1102     744     487
     803    1735    1346     731     489     610     983     475     456
     605     817     804     823     846     588    1014     255    2309
     772    1007     739    1497     959    2218     811    1101    1070
     981     838     755     832     788     849     757    1027     786
     985    1042    1614     780     746    1065     820     597     837
     396     789    1087    2324    1003     795     964      17     843
     722     747    1405     733    1573    1030     321     782     794
    1081    1043     996    1241    1083     773    1019     979     828
    1737    1310    1544    1025    1012    1295    1060    1582    1038
    1496    1206    1296    1215    1130    1041    1229    1098    1224
    1280    1259    1501    1822    1556    1452    2116    1554    1529
    1574    1808    1446    1538    1489     833    1537    1486    1248
      15    1509    1747    1796    1992    1500    1513    1762    1505
    1697    1685    1785    1814    1779     766    1763    1771    1458
    1686    1684    1789    1699    1726    1941    1783    2349    1514
     593    1344    2008     274     163    2052    1999    1803    1565
    1932     724    2264    1942    2214    1804     236    1748    2002
    1964    2188     594    2126    2285    1824     251    2019    1953
     336     493    1245     532     576    1766    2003    2194    1949
      91    1281     263    1971    1934     821     819    1929    2221
    1922     315    2055     812    2004    2167    2274    1056     604
    1980    1985    1972    1338    1201       0    2161    2192    2259
    1938    2250    1973    2197    2257    2196    2278    2240    2228
    2241    2246      28     150     391     394     384     395     390
     736     318    1569     386     162     156     628     633    2217
     175     401     403     280     509     398     864     638    1105
     649     197     648     883     887    1351    1355    1100    1445
     670     494     443     835    1716     898     438     434     433
     207     205    1120    1347    1127    1594     675     680     448
    1093     678     447    1139     834     222    1365     220     526
     216    1133    1356     917    1832    1527     684      14    1736
    1498     234     921     912     466    1143    1210    1147     457
    1372    1368     461    1596    2069    2063    1991    1390    2075
    1602    2073     607     640     932    2072     476     802    1844
    1161    1794    1160     614    1159    1619     926     707     702
    1484    1615    1533    1609     698    1630    1857    1818    1172
    1403    1334    2310     712     711    1395    1398    1623    1188
    2307    1854    1852    1848    1855     796    1849    1869    1637
    2098    1868    2104    2096    1183    1184    1655    2109    1198
    1648    1653    1197    1654    1426    1416    2112    1895    1439
    2122    1437    2342    2120    1567    2115    1663    2308    1660
    1810    1664    2352    1676     199    2128     860    2127    2357
    1668     578    2133    1907    2297    2368    2353    2367    1911
    2146    2303    2138    2396    2392    1106    2393    1898    2385
       0       0       0       0       0       0       0       0       0
       0       0       0       0       0       0       0       0       0
       0       0       0       0       0       0       0       0       0
       0       0       0       0       0       0       0       0       0
       0       0       0       0       0       0       0       0       0
       0       0       0       0       0       0       0       0       0
       0       0       0       0       0       0       0       0       0
       0       0       0       0       0       0       0       0       0
       0       0       0       0       0       0       0       0       0
       0       0       0       0       0       0       0       0       0
       0       0       0       0       0       0       0       0       0
       0       0       0       0       0       0       0       0       0
       0       0       0       0       0       0       0       0       0
       0       0       0       0       0       0       0       0       0
       0       0       0       0       0       0       0       0       0
       0       0       0       0       0       0       0       0       0
       0       0       0       0       0       0       0       0       0
       0       0       0       0       0       0       0       0       0
       0       0       0       0       0       0       0       0       0
       0       0       0       0       0       0       0       0       0
       0       0       0       0       0       0       0       0       0
       0       0       0       0       0       0       0       0       0
       0       0       0       0       0       0       0       0       0
       0       0       0       0       0       0       0       0       0
       0       0       0       0       0       0       0       0       0
       0       0       0       0       0       0       0       0       0
       0       0       0       0       0       0       0       0       0
       0       0       0       0       0       0       0       0       0
       0       0       0       0       0       0       0       0       0
       0       0       0       0       0       0       0       0       0
       0       0       0       0       0       0       0       0       0
       0       0       0       0       0       0       0       0       0
       0       0       0       0       0       0       0       0       0
       0       0       0       0       0       0       0       0       0
       0       0       0       0       0       0       0       0       0
       0       0       0       0       0       0       0       0       0
       0       0       0       0       0       0       0       0       0
       0       0       0       0       0       0       0       0       0
       0       0       0       0       0       0       0       0       0
       0       0       0       0       0       0       0       0       0
       0       0       0       0       0       0       0       0       0
       0       0       0       0       0       0       0       0       0
       0       0       0       0       0       0       0       0       0
       0       0       0       0       0       0       0       0       0
       0       0       0       0       0       0       0       0       0
       0       0       0       0       0       0       0       0       0
       0       0       0       0       0       0       0       0       0
       0       0       0       0       0       0       0       0       0
       0       0       0       0       0       0       0       0       0
       0       0       0       0       0       0       0       0       0
       0       0       0       0       0       0       0       0       0
       0       0       0       0       0       0       0       0       0
       0       0       0       0       0       0       0       0       0
       0       0       0       0       0       0       0       0       0
       0       0       0       0       0       0       0       0       0
       0       0       0       0       0       0       0       0       0
       0       0       0       0       0       0       0       0       0
       0       0       0       0       0       0       0       0       0
       0       0       0       0       0       0       0       0       0
       0       0       0       0       0       0       0       0       0
       0       0       0       0       0       0       0       0       0
       0       0       0       0       0       0       0       0       0
       0       0       0       0       0       0       0       0       0
       0       0       0       0       0       0       0       0       0
       0       0       0       0       0       0       0       0       0
       0       0       0       0       0       0       0       0       0
       0       0       0       0       0       0       0       0       0
       0       0       0       0       0       0       0       0       0
       0       0       0       0       0       0       0       0       0
       0       0       0       0       0       0       0       0       0
       0       0       0       0       0       0       0       0       0
       0       0       0       0       0       0       0       0       0
       0       0       0       0       0       0       0       0       0
       0       0       0       0       0       0       0       0       0
       0       0       0       0       0       0       0       0       0
       0       0       0       0       0       0       0       0       0
       0       0       0       0       0       0       0       0       0
       0       0       0       0       0       0       0       0       0
       0       0       0       0       0       0       0       0       0
       0       0       0       0       0       0       0       0       0
       0       0       0       0       0       0       0       0       0
       0       0       0       0       0       0       0       0       0
       0       0       0       0       0       0       0       0       0
       0       0       0       0       0       0       0       0       0
       0       0       0       0       0       0       0       0       0
       0       0       0       0       0       0       0       0       0
       0       0       0       0       0       0       0       0       0
       0       0       0       0       0       0       0       0       0
       0       0       0       0       0       0       0       0       0
       0       0       0       0       0       0       0       0       0
       0       0       0       0       0       0       0       0       0
       0       0       0       0       0       0       0       0       0
       0       0       0       0       0       0       0       0       0
       0       0       0       0       0       0       0       0       0
       0       0       0       0       0       0       0       0       0
       0       0       0       0       0       0       0       0       0
       0       0       0       0       0       0       0       0       0
       0       0       0       0       0       0       0       0       0
       0       0       0       0       0       0       0       0       0
       0       0       0       0       0       0       0       0       0
       0       0       0       0       0       0       0       0       0
       0       0       0       0       0       0       0       0       0
       0       0       0       0       0       0       0       0       0
       0       0       0       0       0       0       0       0       0
       0       0       0       0       0       0       0       0       0
       0       0       0       0       0       0       0       0       0
       0       0       0       0       0       0       0       0       0
       0       0       0       0       0       0       0       0       0
       0       0       0       0       0       0       0       0       0
       0       0       0       0       0       0       0       0       0
       0       0       0       0       0       0       0       0       0
       0       0       0       0       0       0       0       0       0
       0       0       0       0       0       0       0       0       0
       0       0       0       0       0       0       0       0       0
       0       0       0       0       0       0       0       0       0
       0       0       0       0       0       0       0       0       0
       0       0       0       0       0       0       0       0       0
       0       0       0       0       0       0       0       0       0
       0       0       0       0       0       0       0       0       0
       0       0       0       0       0       0       0       0       0
       0       0       0       0       0       0       0       0       0
       0       0       0       0       0       0       0       0       0
       0       0       0       0       0       0       0       0       0
       0       0       0       0       0       0       0       0       0
       0       0       0       0       0       0       0       0       0
       0       0       0       0       0       0       0       0       0
       0       0       0       0       0       0       0       0       0
       0       0       0       0       0       0       0       0       0
       0       0       0       0       0       0       0       0       0
       0       0       0       0       0       0       0       0       0
       0       0       0       0       0       0       0       0       0
       0       0       0       0       0       0       0       0       0
       0       0 2934417]
---------
